  [1m[35m (0.0ms)[0m  [1m[34mSELECT sqlite_version(*)[0m
  ↳ bin/rails:4
  [1m[35m (109.0ms)[0m  [1m[35mCREATE TABLE "schema_migrations" ("version" varchar NOT NULL PRIMARY KEY)[0m
  ↳ bin/rails:4
  [1m[35m (99.0ms)[0m  [1m[35mCREATE TABLE "ar_internal_metadata" ("key" varchar NOT NULL PRIMARY KEY, "value" varchar, "created_at" datetime NOT NULL, "updated_at" datetime NOT NULL)[0m
  ↳ bin/rails:4
  [1m[35m (0.0ms)[0m  [1m[34mSELECT "schema_migrations"."version" FROM "schema_migrations" ORDER BY "schema_migrations"."version" ASC[0m
  ↳ bin/rails:4
Migrating to CreateUsers (20180719001321)
  [1m[35m (0.0ms)[0m  [1m[36mbegin transaction[0m
  ↳ bin/rails:4
  [1m[35m (1.0ms)[0m  [1m[35mCREATE TABLE "users" ("id" integer PRIMARY KEY AUTOINCREMENT NOT NULL, "name" varchar, "created_at" datetime NOT NULL, "updated_at" datetime NOT NULL)[0m
  ↳ db/migrate/20180719001321_create_users.rb:3
  [1m[36mActiveRecord::SchemaMigration Create (0.0ms)[0m  [1m[32mINSERT INTO "schema_migrations" ("version") VALUES (?)[0m  [["version", "20180719001321"]]
  ↳ bin/rails:4
  [1m[35m (101.0ms)[0m  [1m[36mcommit transaction[0m
  ↳ bin/rails:4
Migrating to CreatePosts (20180719001517)
  [1m[35m (0.0ms)[0m  [1m[36mbegin transaction[0m
  ↳ bin/rails:4
  [1m[35m (1.0ms)[0m  [1m[35mCREATE TABLE "posts" ("id" integer PRIMARY KEY AUTOINCREMENT NOT NULL, "title" varchar, "body" varchar, "user_id" integer, "created_at" datetime NOT NULL, "updated_at" datetime NOT NULL, CONSTRAINT "fk_rails_5b5ddfd518"
FOREIGN KEY ("user_id")
  REFERENCES "users" ("id")
)[0m
  ↳ db/migrate/20180719001517_create_posts.rb:3
  [1m[35m (0.0ms)[0m  [1m[35mCREATE  INDEX "index_posts_on_user_id" ON "posts" ("user_id")[0m
  ↳ db/migrate/20180719001517_create_posts.rb:3
  [1m[36mActiveRecord::SchemaMigration Create (0.0ms)[0m  [1m[32mINSERT INTO "schema_migrations" ("version") VALUES (?)[0m  [["version", "20180719001517"]]
  ↳ bin/rails:4
  [1m[35m (88.0ms)[0m  [1m[36mcommit transaction[0m
  ↳ bin/rails:4
  [1m[36mActiveRecord::InternalMetadata Load (1.0ms)[0m  [1m[34mSELECT  "ar_internal_metadata".* FROM "ar_internal_metadata" WHERE "ar_internal_metadata"."key" = ? LIMIT ?[0m  [["key", "environment"], ["LIMIT", 1]]
  ↳ bin/rails:4
  [1m[35m (0.0ms)[0m  [1m[36mbegin transaction[0m
  ↳ bin/rails:4
  [1m[36mActiveRecord::InternalMetadata Create (2.0ms)[0m  [1m[32mINSERT INTO "ar_internal_metadata" ("key", "value", "created_at", "updated_at") VALUES (?, ?, ?, ?)[0m  [["key", "environment"], ["value", "development"], ["created_at", "2018-07-19 00:21:53.271134"], ["updated_at", "2018-07-19 00:21:53.271134"]]
  ↳ bin/rails:4
  [1m[35m (100.0ms)[0m  [1m[36mcommit transaction[0m
  ↳ bin/rails:4
  [1m[35m (0.0ms)[0m  [1m[34mSELECT "schema_migrations"."version" FROM "schema_migrations" ORDER BY "schema_migrations"."version" ASC[0m
  ↳ bin/rails:4
  [1m[35m (0.0ms)[0m  [1m[34mSELECT "schema_migrations"."version" FROM "schema_migrations" ORDER BY "schema_migrations"."version" ASC[0m
  ↳ bin/rails:4
  [1m[35m (0.0ms)[0m  [1m[34mSELECT "schema_migrations"."version" FROM "schema_migrations" ORDER BY "schema_migrations"."version" ASC[0m
  ↳ bin/rails:4
  [1m[35m (0.0ms)[0m  [1m[36mbegin transaction[0m
  ↳ db/seeds.rb:11
  [1m[36mUser Create (1.0ms)[0m  [1m[32mINSERT INTO "users" ("name", "created_at", "updated_at") VALUES (?, ?, ?)[0m  [["name", "Archie Krajcik"], ["created_at", "2018-07-19 00:39:38.218842"], ["updated_at", "2018-07-19 00:39:38.218842"]]
  ↳ db/seeds.rb:11
  [1m[35m (110.0ms)[0m  [1m[36mcommit transaction[0m
  ↳ db/seeds.rb:11
  [1m[35m (0.0ms)[0m  [1m[34mSELECT "schema_migrations"."version" FROM "schema_migrations" ORDER BY "schema_migrations"."version" ASC[0m
  ↳ bin/rails:4
  [1m[35m (0.0ms)[0m  [1m[36mbegin transaction[0m
  ↳ db/seeds.rb:11
  [1m[36mUser Create (1.0ms)[0m  [1m[32mINSERT INTO "users" ("name", "created_at", "updated_at") VALUES (?, ?, ?)[0m  [["name", "Berniece Quigley PhD"], ["created_at", "2018-07-19 00:40:59.285479"], ["updated_at", "2018-07-19 00:40:59.285479"]]
  ↳ db/seeds.rb:11
  [1m[35m (82.0ms)[0m  [1m[36mcommit transaction[0m
  ↳ db/seeds.rb:11
  [1m[35m (1.0ms)[0m  [1m[34mSELECT "schema_migrations"."version" FROM "schema_migrations" ORDER BY "schema_migrations"."version" ASC[0m
  ↳ bin/rails:4
  [1m[35m (0.0ms)[0m  [1m[36mbegin transaction[0m
  ↳ db/seeds.rb:11
  [1m[36mUser Create (2.0ms)[0m  [1m[32mINSERT INTO "users" ("name", "created_at", "updated_at") VALUES (?, ?, ?)[0m  [["name", "Sal Wolff"], ["created_at", "2018-07-19 00:41:22.559810"], ["updated_at", "2018-07-19 00:41:22.559810"]]
  ↳ db/seeds.rb:11
  [1m[35m (83.0ms)[0m  [1m[36mcommit transaction[0m
  ↳ db/seeds.rb:11
  [1m[35m (0.0ms)[0m  [1m[34mSELECT "schema_migrations"."version" FROM "schema_migrations" ORDER BY "schema_migrations"."version" ASC[0m
  ↳ bin/rails:4
  [1m[35m (0.0ms)[0m  [1m[36mbegin transaction[0m
  ↳ db/seeds.rb:11
  [1m[36mUser Create (2.0ms)[0m  [1m[32mINSERT INTO "users" ("name", "created_at", "updated_at") VALUES (?, ?, ?)[0m  [["name", "Ms. Burl Ziemann"], ["created_at", "2018-07-19 00:41:40.737850"], ["updated_at", "2018-07-19 00:41:40.737850"]]
  ↳ db/seeds.rb:11
  [1m[35m (96.0ms)[0m  [1m[36mcommit transaction[0m
  ↳ db/seeds.rb:11
  [1m[35m (0.0ms)[0m  [1m[34mSELECT "schema_migrations"."version" FROM "schema_migrations" ORDER BY "schema_migrations"."version" ASC[0m
  ↳ bin/rails:4
  [1m[35m (0.0ms)[0m  [1m[36mbegin transaction[0m
  ↳ db/seeds.rb:11
  [1m[36mUser Create (1.0ms)[0m  [1m[32mINSERT INTO "users" ("name", "created_at", "updated_at") VALUES (?, ?, ?)[0m  [["name", "Titus Kessler"], ["created_at", "2018-07-19 00:42:08.416433"], ["updated_at", "2018-07-19 00:42:08.416433"]]
  ↳ db/seeds.rb:11
  [1m[35m (117.0ms)[0m  [1m[36mcommit transaction[0m
  ↳ db/seeds.rb:11
  [1m[35m (0.0ms)[0m  [1m[34mSELECT "schema_migrations"."version" FROM "schema_migrations" ORDER BY "schema_migrations"."version" ASC[0m
  ↳ bin/rails:4
  [1m[35m (0.0ms)[0m  [1m[36mbegin transaction[0m
  ↳ db/seeds.rb:11
  [1m[36mUser Create (2.0ms)[0m  [1m[32mINSERT INTO "users" ("name", "created_at", "updated_at") VALUES (?, ?, ?)[0m  [["name", "Jonathan Daniel III"], ["created_at", "2018-07-19 00:42:33.026841"], ["updated_at", "2018-07-19 00:42:33.026841"]]
  ↳ db/seeds.rb:11
  [1m[35m (87.0ms)[0m  [1m[36mcommit transaction[0m
  ↳ db/seeds.rb:11
  [1m[35m (0.0ms)[0m  [1m[34mSELECT "schema_migrations"."version" FROM "schema_migrations" ORDER BY "schema_migrations"."version" ASC[0m
  ↳ bin/rails:4
  [1m[36mActiveRecord::InternalMetadata Load (1.0ms)[0m  [1m[34mSELECT  "ar_internal_metadata".* FROM "ar_internal_metadata" WHERE "ar_internal_metadata"."key" = ? LIMIT ?[0m  [["key", "environment"], ["LIMIT", 1]]
  ↳ bin/rails:4
  [1m[35m (0.0ms)[0m  [1m[36mbegin transaction[0m
  ↳ bin/rails:4
  [1m[35m (0.0ms)[0m  [1m[36mcommit transaction[0m
  ↳ bin/rails:4
  [1m[35m (0.0ms)[0m  [1m[34mSELECT "schema_migrations"."version" FROM "schema_migrations" ORDER BY "schema_migrations"."version" ASC[0m
  ↳ bin/rails:4
  [1m[35m (0.0ms)[0m  [1m[34mSELECT "schema_migrations"."version" FROM "schema_migrations" ORDER BY "schema_migrations"."version" ASC[0m
  ↳ bin/rails:4
  [1m[35m (0.0ms)[0m  [1m[36mbegin transaction[0m
  ↳ db/seeds.rb:11
  [1m[36mUser Create (1.0ms)[0m  [1m[32mINSERT INTO "users" ("name", "created_at", "updated_at") VALUES (?, ?, ?)[0m  [["name", "Elda Stanton"], ["created_at", "2018-07-19 00:43:49.763230"], ["updated_at", "2018-07-19 00:43:49.763230"]]
  ↳ db/seeds.rb:11
  [1m[35m (101.0ms)[0m  [1m[36mcommit transaction[0m
  ↳ db/seeds.rb:11
  [1m[35m (0.0ms)[0m  [1m[34mSELECT "schema_migrations"."version" FROM "schema_migrations" ORDER BY "schema_migrations"."version" ASC[0m
  ↳ bin/rails:4
  [1m[35m (0.0ms)[0m  [1m[36mbegin transaction[0m
  ↳ db/seeds.rb:11
  [1m[36mUser Create (2.0ms)[0m  [1m[32mINSERT INTO "users" ("name", "created_at", "updated_at") VALUES (?, ?, ?)[0m  [["name", "Mrs. Cristin Wisoky"], ["created_at", "2018-07-19 00:44:30.860581"], ["updated_at", "2018-07-19 00:44:30.860581"]]
  ↳ db/seeds.rb:11
  [1m[35m (89.0ms)[0m  [1m[36mcommit transaction[0m
  ↳ db/seeds.rb:11
  [1m[35m (0.0ms)[0m  [1m[36mbegin transaction[0m
  ↳ db/seeds.rb:12
  [1m[36mPost Create (1.0ms)[0m  [1m[32mINSERT INTO "posts" ("title", "body", "user_id", "created_at", "updated_at") VALUES (?, ?, ?, ?, ?)[0m  [["title", "Look to Windward"], ["body", "Autem sit rerum voluptatum."], ["user_id", 8], ["created_at", "2018-07-19 00:44:31.065592"], ["updated_at", "2018-07-19 00:44:31.065592"]]
  ↳ db/seeds.rb:12
  [1m[35m (108.0ms)[0m  [1m[36mcommit transaction[0m
  ↳ db/seeds.rb:12
  [1m[35m (0.0ms)[0m  [1m[36mbegin transaction[0m
  ↳ db/seeds.rb:11
  [1m[36mUser Create (2.0ms)[0m  [1m[32mINSERT INTO "users" ("name", "created_at", "updated_at") VALUES (?, ?, ?)[0m  [["name", "Tam Kilback"], ["created_at", "2018-07-19 00:44:31.178599"], ["updated_at", "2018-07-19 00:44:31.178599"]]
  ↳ db/seeds.rb:11
  [1m[35m (96.0ms)[0m  [1m[36mcommit transaction[0m
  ↳ db/seeds.rb:11
  [1m[35m (0.0ms)[0m  [1m[36mbegin transaction[0m
  ↳ db/seeds.rb:12
  [1m[36mPost Create (1.0ms)[0m  [1m[32mINSERT INTO "posts" ("title", "body", "user_id", "created_at", "updated_at") VALUES (?, ?, ?, ?, ?)[0m  [["title", "The Other Side of Silence"], ["body", "Hic ut aliquam reprehenderit."], ["user_id", 9], ["created_at", "2018-07-19 00:44:31.279605"], ["updated_at", "2018-07-19 00:44:31.279605"]]
  ↳ db/seeds.rb:12
  [1m[35m (118.0ms)[0m  [1m[36mcommit transaction[0m
  ↳ db/seeds.rb:12
  [1m[35m (0.0ms)[0m  [1m[36mbegin transaction[0m
  ↳ db/seeds.rb:11
  [1m[36mUser Create (1.0ms)[0m  [1m[32mINSERT INTO "users" ("name", "created_at", "updated_at") VALUES (?, ?, ?)[0m  [["name", "Wade Wiza"], ["created_at", "2018-07-19 00:44:31.402612"], ["updated_at", "2018-07-19 00:44:31.402612"]]
  ↳ db/seeds.rb:11
  [1m[35m (119.0ms)[0m  [1m[36mcommit transaction[0m
  ↳ db/seeds.rb:11
  [1m[35m (0.0ms)[0m  [1m[36mbegin transaction[0m
  ↳ db/seeds.rb:12
  [1m[36mPost Create (1.0ms)[0m  [1m[32mINSERT INTO "posts" ("title", "body", "user_id", "created_at", "updated_at") VALUES (?, ?, ?, ?, ?)[0m  [["title", "Consider Phlebas"], ["body", "Quisquam pariatur esse ut."], ["user_id", 10], ["created_at", "2018-07-19 00:44:31.526619"], ["updated_at", "2018-07-19 00:44:31.526619"]]
  ↳ db/seeds.rb:12
  [1m[35m (97.0ms)[0m  [1m[36mcommit transaction[0m
  ↳ db/seeds.rb:12
  [1m[35m (0.0ms)[0m  [1m[36mbegin transaction[0m
  ↳ db/seeds.rb:11
  [1m[36mUser Create (2.0ms)[0m  [1m[32mINSERT INTO "users" ("name", "created_at", "updated_at") VALUES (?, ?, ?)[0m  [["name", "Luke Rohan"], ["created_at", "2018-07-19 00:44:31.628625"], ["updated_at", "2018-07-19 00:44:31.628625"]]
  ↳ db/seeds.rb:11
  [1m[35m (85.0ms)[0m  [1m[36mcommit transaction[0m
  ↳ db/seeds.rb:11
  [1m[35m (0.0ms)[0m  [1m[36mbegin transaction[0m
  ↳ db/seeds.rb:12
  [1m[36mPost Create (1.0ms)[0m  [1m[32mINSERT INTO "posts" ("title", "body", "user_id", "created_at", "updated_at") VALUES (?, ?, ?, ?, ?)[0m  [["title", "The Last Enemy"], ["body", "Accusamus expedita hic aut."], ["user_id", 11], ["created_at", "2018-07-19 00:44:31.718630"], ["updated_at", "2018-07-19 00:44:31.718630"]]
  ↳ db/seeds.rb:12
  [1m[35m (123.0ms)[0m  [1m[36mcommit transaction[0m
  ↳ db/seeds.rb:12
  [1m[35m (0.0ms)[0m  [1m[36mbegin transaction[0m
  ↳ db/seeds.rb:11
  [1m[36mUser Create (1.0ms)[0m  [1m[32mINSERT INTO "users" ("name", "created_at", "updated_at") VALUES (?, ?, ?)[0m  [["name", "Ms. Alphonse Braun"], ["created_at", "2018-07-19 00:44:31.846637"], ["updated_at", "2018-07-19 00:44:31.846637"]]
  ↳ db/seeds.rb:11
  [1m[35m (85.0ms)[0m  [1m[36mcommit transaction[0m
  ↳ db/seeds.rb:11
  [1m[35m (0.0ms)[0m  [1m[36mbegin transaction[0m
  ↳ db/seeds.rb:12
  [1m[36mPost Create (2.0ms)[0m  [1m[32mINSERT INTO "posts" ("title", "body", "user_id", "created_at", "updated_at") VALUES (?, ?, ?, ?, ?)[0m  [["title", "The Far-Distant Oxus"], ["body", "Eveniet neque aut illum."], ["user_id", 12], ["created_at", "2018-07-19 00:44:31.936642"], ["updated_at", "2018-07-19 00:44:31.936642"]]
  ↳ db/seeds.rb:12
  [1m[35m (96.0ms)[0m  [1m[36mcommit transaction[0m
  ↳ db/seeds.rb:12
  [1m[35m (0.0ms)[0m  [1m[36mbegin transaction[0m
  ↳ db/seeds.rb:11
  [1m[36mUser Create (2.0ms)[0m  [1m[32mINSERT INTO "users" ("name", "created_at", "updated_at") VALUES (?, ?, ?)[0m  [["name", "Dustin Dickinson"], ["created_at", "2018-07-19 00:44:32.036648"], ["updated_at", "2018-07-19 00:44:32.036648"]]
  ↳ db/seeds.rb:11
  [1m[35m (127.0ms)[0m  [1m[36mcommit transaction[0m
  ↳ db/seeds.rb:11
  [1m[35m (0.0ms)[0m  [1m[36mbegin transaction[0m
  ↳ db/seeds.rb:12
  [1m[36mPost Create (1.0ms)[0m  [1m[32mINSERT INTO "posts" ("title", "body", "user_id", "created_at", "updated_at") VALUES (?, ?, ?, ?, ?)[0m  [["title", "The Man Within"], ["body", "Veritatis sed dolores iste."], ["user_id", 13], ["created_at", "2018-07-19 00:44:32.167655"], ["updated_at", "2018-07-19 00:44:32.167655"]]
  ↳ db/seeds.rb:12
  [1m[35m (141.0ms)[0m  [1m[36mcommit transaction[0m
  ↳ db/seeds.rb:12
  [1m[35m (3.0ms)[0m  [1m[36mbegin transaction[0m
  ↳ db/seeds.rb:11
  [1m[36mUser Create (2.0ms)[0m  [1m[32mINSERT INTO "users" ("name", "created_at", "updated_at") VALUES (?, ?, ?)[0m  [["name", "Bella Cummerata IV"], ["created_at", "2018-07-19 00:44:32.318664"], ["updated_at", "2018-07-19 00:44:32.318664"]]
  ↳ db/seeds.rb:11
  [1m[35m (219.0ms)[0m  [1m[36mcommit transaction[0m
  ↳ db/seeds.rb:11
  [1m[35m (0.0ms)[0m  [1m[36mbegin transaction[0m
  ↳ db/seeds.rb:12
  [1m[36mPost Create (1.0ms)[0m  [1m[32mINSERT INTO "posts" ("title", "body", "user_id", "created_at", "updated_at") VALUES (?, ?, ?, ?, ?)[0m  [["title", "Recalled to Life"], ["body", "Ut nemo et aut."], ["user_id", 14], ["created_at", "2018-07-19 00:44:32.544677"], ["updated_at", "2018-07-19 00:44:32.544677"]]
  ↳ db/seeds.rb:12
  [1m[35m (145.0ms)[0m  [1m[36mcommit transaction[0m
  ↳ db/seeds.rb:12
  [1m[35m (0.0ms)[0m  [1m[36mbegin transaction[0m
  ↳ db/seeds.rb:11
  [1m[36mUser Create (4.0ms)[0m  [1m[32mINSERT INTO "users" ("name", "created_at", "updated_at") VALUES (?, ?, ?)[0m  [["name", "Mr. Iola Lindgren"], ["created_at", "2018-07-19 00:44:32.722687"], ["updated_at", "2018-07-19 00:44:32.722687"]]
  ↳ db/seeds.rb:11
  [1m[35m (176.0ms)[0m  [1m[36mcommit transaction[0m
  ↳ db/seeds.rb:11
  [1m[35m (0.0ms)[0m  [1m[36mbegin transaction[0m
  ↳ db/seeds.rb:12
  [1m[36mPost Create (2.0ms)[0m  [1m[32mINSERT INTO "posts" ("title", "body", "user_id", "created_at", "updated_at") VALUES (?, ?, ?, ?, ?)[0m  [["title", "Shall not Perish"], ["body", "Qui ipsam eveniet quia."], ["user_id", 15], ["created_at", "2018-07-19 00:44:32.908698"], ["updated_at", "2018-07-19 00:44:32.908698"]]
  ↳ db/seeds.rb:12
  [1m[35m (115.0ms)[0m  [1m[36mcommit transaction[0m
  ↳ db/seeds.rb:12
  [1m[35m (0.0ms)[0m  [1m[36mbegin transaction[0m
  ↳ db/seeds.rb:11
  [1m[36mUser Create (1.0ms)[0m  [1m[32mINSERT INTO "users" ("name", "created_at", "updated_at") VALUES (?, ?, ?)[0m  [["name", "Ronald Quitzon"], ["created_at", "2018-07-19 00:44:33.026705"], ["updated_at", "2018-07-19 00:44:33.026705"]]
  ↳ db/seeds.rb:11
  [1m[35m (91.0ms)[0m  [1m[36mcommit transaction[0m
  ↳ db/seeds.rb:11
  [1m[35m (1.0ms)[0m  [1m[36mbegin transaction[0m
  ↳ db/seeds.rb:12
  [1m[36mPost Create (1.0ms)[0m  [1m[32mINSERT INTO "posts" ("title", "body", "user_id", "created_at", "updated_at") VALUES (?, ?, ?, ?, ?)[0m  [["title", "O Jerusalem!"], ["body", "Tenetur omnis eos animi."], ["user_id", 16], ["created_at", "2018-07-19 00:44:33.121710"], ["updated_at", "2018-07-19 00:44:33.121710"]]
  ↳ db/seeds.rb:12
  [1m[35m (93.0ms)[0m  [1m[36mcommit transaction[0m
  ↳ db/seeds.rb:12
  [1m[35m (0.0ms)[0m  [1m[36mbegin transaction[0m
  ↳ db/seeds.rb:11
  [1m[36mUser Create (1.0ms)[0m  [1m[32mINSERT INTO "users" ("name", "created_at", "updated_at") VALUES (?, ?, ?)[0m  [["name", "Miss Kandis Howe"], ["created_at", "2018-07-19 00:44:33.222716"], ["updated_at", "2018-07-19 00:44:33.222716"]]
  ↳ db/seeds.rb:11
  [1m[35m (90.0ms)[0m  [1m[36mcommit transaction[0m
  ↳ db/seeds.rb:11
  [1m[35m (0.0ms)[0m  [1m[36mbegin transaction[0m
  ↳ db/seeds.rb:12
  [1m[36mPost Create (1.0ms)[0m  [1m[32mINSERT INTO "posts" ("title", "body", "user_id", "created_at", "updated_at") VALUES (?, ?, ?, ?, ?)[0m  [["title", "The Golden Apples of the Sun"], ["body", "Vel et qui et."], ["user_id", 17], ["created_at", "2018-07-19 00:44:33.317721"], ["updated_at", "2018-07-19 00:44:33.317721"]]
  ↳ db/seeds.rb:12
  [1m[35m (107.0ms)[0m  [1m[36mcommit transaction[0m
  ↳ db/seeds.rb:12
Started GET "/" for 127.0.0.1 at 2018-07-18 20:18:18 -0500
  [1m[35m (0.0ms)[0m  [1m[34mSELECT "schema_migrations"."version" FROM "schema_migrations" ORDER BY "schema_migrations"."version" ASC[0m
  ↳ C:/Ruby24-x64/lib/ruby/gems/2.4.0/gems/activerecord-5.2.0/lib/active_record/log_subscriber.rb:98
Processing by Rails::WelcomeController#index as HTML
  Rendering C:/Ruby24-x64/lib/ruby/gems/2.4.0/gems/railties-5.2.0/lib/rails/templates/rails/welcome/index.html.erb
  Rendered C:/Ruby24-x64/lib/ruby/gems/2.4.0/gems/railties-5.2.0/lib/rails/templates/rails/welcome/index.html.erb (10.0ms)
Completed 200 OK in 145ms (Views: 76.3ms | ActiveRecord: 0.0ms)


Started GET "/favicon.ico" for 127.0.0.1 at 2018-07-18 20:18:19 -0500
  
ActionController::RoutingError (No route matches [GET] "/favicon.ico"):
  
actionpack (5.2.0) lib/action_dispatch/middleware/debug_exceptions.rb:65:in `call'
actionpack (5.2.0) lib/action_dispatch/middleware/show_exceptions.rb:33:in `call'
railties (5.2.0) lib/rails/rack/logger.rb:38:in `call_app'
railties (5.2.0) lib/rails/rack/logger.rb:26:in `block in call'
activesupport (5.2.0) lib/active_support/tagged_logging.rb:71:in `block in tagged'
activesupport (5.2.0) lib/active_support/tagged_logging.rb:28:in `tagged'
activesupport (5.2.0) lib/active_support/tagged_logging.rb:71:in `tagged'
railties (5.2.0) lib/rails/rack/logger.rb:26:in `call'
actionpack (5.2.0) lib/action_dispatch/middleware/remote_ip.rb:81:in `call'
actionpack (5.2.0) lib/action_dispatch/middleware/request_id.rb:27:in `call'
rack (2.0.5) lib/rack/runtime.rb:22:in `call'
activesupport (5.2.0) lib/active_support/cache/strategy/local_cache_middleware.rb:29:in `call'
actionpack (5.2.0) lib/action_dispatch/middleware/executor.rb:14:in `call'
actionpack (5.2.0) lib/action_dispatch/middleware/static.rb:127:in `call'
rack (2.0.5) lib/rack/sendfile.rb:111:in `call'
railties (5.2.0) lib/rails/engine.rb:524:in `call'
puma (3.12.0) lib/puma/configuration.rb:225:in `call'
puma (3.12.0) lib/puma/server.rb:658:in `handle_request'
puma (3.12.0) lib/puma/server.rb:472:in `process_client'
puma (3.12.0) lib/puma/server.rb:332:in `block in run'
puma (3.12.0) lib/puma/thread_pool.rb:133:in `block in spawn_thread'
Started GET "/post" for 127.0.0.1 at 2018-07-18 20:39:01 -0500
  [1m[35m (1.0ms)[0m  [1m[34mSELECT "schema_migrations"."version" FROM "schema_migrations" ORDER BY "schema_migrations"."version" ASC[0m
  ↳ C:/Ruby24-x64/lib/ruby/gems/2.4.0/gems/activerecord-5.2.0/lib/active_record/log_subscriber.rb:98
  
ActionController::RoutingError (No route matches [GET] "/post"):
  
actionpack (5.2.0) lib/action_dispatch/middleware/debug_exceptions.rb:65:in `call'
actionpack (5.2.0) lib/action_dispatch/middleware/show_exceptions.rb:33:in `call'
railties (5.2.0) lib/rails/rack/logger.rb:38:in `call_app'
railties (5.2.0) lib/rails/rack/logger.rb:26:in `block in call'
activesupport (5.2.0) lib/active_support/tagged_logging.rb:71:in `block in tagged'
activesupport (5.2.0) lib/active_support/tagged_logging.rb:28:in `tagged'
activesupport (5.2.0) lib/active_support/tagged_logging.rb:71:in `tagged'
railties (5.2.0) lib/rails/rack/logger.rb:26:in `call'
actionpack (5.2.0) lib/action_dispatch/middleware/remote_ip.rb:81:in `call'
actionpack (5.2.0) lib/action_dispatch/middleware/request_id.rb:27:in `call'
rack (2.0.5) lib/rack/runtime.rb:22:in `call'
activesupport (5.2.0) lib/active_support/cache/strategy/local_cache_middleware.rb:29:in `call'
actionpack (5.2.0) lib/action_dispatch/middleware/executor.rb:14:in `call'
actionpack (5.2.0) lib/action_dispatch/middleware/static.rb:127:in `call'
rack (2.0.5) lib/rack/sendfile.rb:111:in `call'
railties (5.2.0) lib/rails/engine.rb:524:in `call'
puma (3.12.0) lib/puma/configuration.rb:225:in `call'
puma (3.12.0) lib/puma/server.rb:658:in `handle_request'
puma (3.12.0) lib/puma/server.rb:472:in `process_client'
puma (3.12.0) lib/puma/server.rb:332:in `block in run'
puma (3.12.0) lib/puma/thread_pool.rb:133:in `block in spawn_thread'
Started GET "/posts" for 127.0.0.1 at 2018-07-18 20:39:12 -0500
Processing by PostsController#index as */*
  Parameters: {"post"=>{}}
  Rendering posts/index.json.builder
  [1m[36mPost Load (0.0ms)[0m  [1m[34mSELECT  "posts".* FROM "posts" ORDER BY created_at DESC LIMIT ?[0m  [["LIMIT", 11]]
  ↳ C:/Ruby24-x64/lib/ruby/gems/2.4.0/gems/activerecord-5.2.0/lib/active_record/log_subscriber.rb:98
  [1m[36mCACHE Post Load (0.0ms)[0m  [1m[34mSELECT  "posts".* FROM "posts" ORDER BY created_at DESC LIMIT ?[0m  [["LIMIT", 11]]
  ↳ C:/Ruby24-x64/lib/ruby/gems/2.4.0/gems/activerecord-5.2.0/lib/active_record/log_subscriber.rb:98
  [1m[36mCACHE Post Load (0.0ms)[0m  [1m[34mSELECT  "posts".* FROM "posts" ORDER BY created_at DESC LIMIT ?[0m  [["LIMIT", 11]]
  ↳ C:/Ruby24-x64/lib/ruby/gems/2.4.0/gems/activerecord-5.2.0/lib/active_record/log_subscriber.rb:98
  [1m[36mCACHE Post Load (1.0ms)[0m  [1m[34mSELECT  "posts".* FROM "posts" ORDER BY created_at DESC LIMIT ?[0m  [["LIMIT", 11]]
  ↳ C:/Ruby24-x64/lib/ruby/gems/2.4.0/gems/activerecord-5.2.0/lib/active_record/log_subscriber.rb:98
  [1m[36mCACHE Post Load (0.0ms)[0m  [1m[34mSELECT  "posts".* FROM "posts" ORDER BY created_at DESC LIMIT ?[0m  [["LIMIT", 11]]
  ↳ C:/Ruby24-x64/lib/ruby/gems/2.4.0/gems/activerecord-5.2.0/lib/active_record/log_subscriber.rb:98
  [1m[36mCACHE Post Load (0.0ms)[0m  [1m[34mSELECT  "posts".* FROM "posts" ORDER BY created_at DESC LIMIT ?[0m  [["LIMIT", 11]]
  ↳ C:/Ruby24-x64/lib/ruby/gems/2.4.0/gems/activerecord-5.2.0/lib/active_record/log_subscriber.rb:98
  [1m[36mCACHE Post Load (0.0ms)[0m  [1m[34mSELECT  "posts".* FROM "posts" ORDER BY created_at DESC LIMIT ?[0m  [["LIMIT", 11]]
  ↳ C:/Ruby24-x64/lib/ruby/gems/2.4.0/gems/activerecord-5.2.0/lib/active_record/log_subscriber.rb:98
  [1m[36mCACHE Post Load (1.0ms)[0m  [1m[34mSELECT  "posts".* FROM "posts" ORDER BY created_at DESC LIMIT ?[0m  [["LIMIT", 11]]
  ↳ C:/Ruby24-x64/lib/ruby/gems/2.4.0/gems/activerecord-5.2.0/lib/active_record/log_subscriber.rb:98
  [1m[36mCACHE Post Load (0.0ms)[0m  [1m[34mSELECT  "posts".* FROM "posts" ORDER BY created_at DESC LIMIT ?[0m  [["LIMIT", 11]]
  ↳ C:/Ruby24-x64/lib/ruby/gems/2.4.0/gems/activerecord-5.2.0/lib/active_record/log_subscriber.rb:98
  [1m[36mCACHE Post Load (0.0ms)[0m  [1m[34mSELECT  "posts".* FROM "posts" ORDER BY created_at DESC LIMIT ?[0m  [["LIMIT", 11]]
  ↳ C:/Ruby24-x64/lib/ruby/gems/2.4.0/gems/activerecord-5.2.0/lib/active_record/log_subscriber.rb:98
  [1m[36mCACHE Post Load (0.0ms)[0m  [1m[34mSELECT  "posts".* FROM "posts" ORDER BY created_at DESC LIMIT ?[0m  [["LIMIT", 11]]
  ↳ C:/Ruby24-x64/lib/ruby/gems/2.4.0/gems/activerecord-5.2.0/lib/active_record/log_subscriber.rb:98
  [1m[36mCACHE Post Load (0.0ms)[0m  [1m[34mSELECT  "posts".* FROM "posts" ORDER BY created_at DESC LIMIT ?[0m  [["LIMIT", 11]]
  ↳ C:/Ruby24-x64/lib/ruby/gems/2.4.0/gems/activerecord-5.2.0/lib/active_record/log_subscriber.rb:98
  [1m[36mCACHE Post Load (0.0ms)[0m  [1m[34mSELECT  "posts".* FROM "posts" ORDER BY created_at DESC LIMIT ?[0m  [["LIMIT", 11]]
  ↳ C:/Ruby24-x64/lib/ruby/gems/2.4.0/gems/activerecord-5.2.0/lib/active_record/log_subscriber.rb:98
  [1m[36mCACHE Post Load (0.0ms)[0m  [1m[34mSELECT  "posts".* FROM "posts" ORDER BY created_at DESC LIMIT ?[0m  [["LIMIT", 11]]
  ↳ C:/Ruby24-x64/lib/ruby/gems/2.4.0/gems/activerecord-5.2.0/lib/active_record/log_subscriber.rb:98
  Rendered posts/index.json.builder (1065.8ms)
Completed 500 Internal Server Error in 1619ms (ActiveRecord: 2.0ms)


  
ActionView::Template::Error (undefined local variable or method `json' for #<#<Class:0x0000000009129ae0>:0x0000000005ae80f8>
Did you mean?  JSON):
    1: json.array @posts do |post|
    2:     json.id post.id
    3:     json.title post.title
    4:     json.body post.body
  
app/views/posts/index.json.builder:1:in `_app_views_posts_index_json_builder__482418681_76108920'
Started GET "/posts" for 127.0.0.1 at 2018-07-18 20:39:37 -0500
Processing by PostsController#index as */*
  Parameters: {"post"=>{}}
  Rendering posts/index.json.builder
  [1m[36mPost Load (0.0ms)[0m  [1m[34mSELECT  "posts".* FROM "posts" ORDER BY created_at DESC LIMIT ?[0m  [["LIMIT", 11]]
  ↳ C:/Ruby24-x64/lib/ruby/gems/2.4.0/gems/activerecord-5.2.0/lib/active_record/log_subscriber.rb:98
  [1m[36mCACHE Post Load (0.0ms)[0m  [1m[34mSELECT  "posts".* FROM "posts" ORDER BY created_at DESC LIMIT ?[0m  [["LIMIT", 11]]
  ↳ C:/Ruby24-x64/lib/ruby/gems/2.4.0/gems/activerecord-5.2.0/lib/active_record/log_subscriber.rb:98
  [1m[36mCACHE Post Load (0.0ms)[0m  [1m[34mSELECT  "posts".* FROM "posts" ORDER BY created_at DESC LIMIT ?[0m  [["LIMIT", 11]]
  ↳ C:/Ruby24-x64/lib/ruby/gems/2.4.0/gems/activerecord-5.2.0/lib/active_record/log_subscriber.rb:98
  [1m[36mCACHE Post Load (0.0ms)[0m  [1m[34mSELECT  "posts".* FROM "posts" ORDER BY created_at DESC LIMIT ?[0m  [["LIMIT", 11]]
  ↳ C:/Ruby24-x64/lib/ruby/gems/2.4.0/gems/activerecord-5.2.0/lib/active_record/log_subscriber.rb:98
  [1m[36mCACHE Post Load (0.0ms)[0m  [1m[34mSELECT  "posts".* FROM "posts" ORDER BY created_at DESC LIMIT ?[0m  [["LIMIT", 11]]
  ↳ C:/Ruby24-x64/lib/ruby/gems/2.4.0/gems/activerecord-5.2.0/lib/active_record/log_subscriber.rb:98
  [1m[36mCACHE Post Load (0.0ms)[0m  [1m[34mSELECT  "posts".* FROM "posts" ORDER BY created_at DESC LIMIT ?[0m  [["LIMIT", 11]]
  ↳ C:/Ruby24-x64/lib/ruby/gems/2.4.0/gems/activerecord-5.2.0/lib/active_record/log_subscriber.rb:98
  [1m[36mCACHE Post Load (0.0ms)[0m  [1m[34mSELECT  "posts".* FROM "posts" ORDER BY created_at DESC LIMIT ?[0m  [["LIMIT", 11]]
  ↳ C:/Ruby24-x64/lib/ruby/gems/2.4.0/gems/activerecord-5.2.0/lib/active_record/log_subscriber.rb:98
  [1m[36mCACHE Post Load (0.0ms)[0m  [1m[34mSELECT  "posts".* FROM "posts" ORDER BY created_at DESC LIMIT ?[0m  [["LIMIT", 11]]
  ↳ C:/Ruby24-x64/lib/ruby/gems/2.4.0/gems/activerecord-5.2.0/lib/active_record/log_subscriber.rb:98
  [1m[36mCACHE Post Load (0.0ms)[0m  [1m[34mSELECT  "posts".* FROM "posts" ORDER BY created_at DESC LIMIT ?[0m  [["LIMIT", 11]]
  ↳ C:/Ruby24-x64/lib/ruby/gems/2.4.0/gems/activerecord-5.2.0/lib/active_record/log_subscriber.rb:98
  [1m[36mCACHE Post Load (0.0ms)[0m  [1m[34mSELECT  "posts".* FROM "posts" ORDER BY created_at DESC LIMIT ?[0m  [["LIMIT", 11]]
  ↳ C:/Ruby24-x64/lib/ruby/gems/2.4.0/gems/activerecord-5.2.0/lib/active_record/log_subscriber.rb:98
  [1m[36mCACHE Post Load (0.0ms)[0m  [1m[34mSELECT  "posts".* FROM "posts" ORDER BY created_at DESC LIMIT ?[0m  [["LIMIT", 11]]
  ↳ C:/Ruby24-x64/lib/ruby/gems/2.4.0/gems/activerecord-5.2.0/lib/active_record/log_subscriber.rb:98
  [1m[36mCACHE Post Load (0.0ms)[0m  [1m[34mSELECT  "posts".* FROM "posts" ORDER BY created_at DESC LIMIT ?[0m  [["LIMIT", 11]]
  ↳ C:/Ruby24-x64/lib/ruby/gems/2.4.0/gems/activerecord-5.2.0/lib/active_record/log_subscriber.rb:98
  [1m[36mCACHE Post Load (0.0ms)[0m  [1m[34mSELECT  "posts".* FROM "posts" ORDER BY created_at DESC LIMIT ?[0m  [["LIMIT", 11]]
  ↳ C:/Ruby24-x64/lib/ruby/gems/2.4.0/gems/activerecord-5.2.0/lib/active_record/log_subscriber.rb:98
  [1m[36mCACHE Post Load (0.0ms)[0m  [1m[34mSELECT  "posts".* FROM "posts" ORDER BY created_at DESC LIMIT ?[0m  [["LIMIT", 11]]
  ↳ C:/Ruby24-x64/lib/ruby/gems/2.4.0/gems/activerecord-5.2.0/lib/active_record/log_subscriber.rb:98
  Rendered posts/index.json.builder (822.6ms)
Completed 500 Internal Server Error in 1373ms (ActiveRecord: 0.0ms)


  
ActionView::Template::Error (undefined local variable or method `json' for #<#<Class:0x0000000009129ae0>:0x0000000006b745e8>
Did you mean?  JSON):
    1: json.array @posts do |post|
    2:     json.id post.id
    3:     json.title post.title
    4:     json.body post.body
  
app/views/posts/index.json.builder:1:in `_app_views_posts_index_json_builder__482418681_56338640'
Started GET "/posts" for 127.0.0.1 at 2018-07-18 20:40:10 -0500
  [1m[35m (0.0ms)[0m  [1m[34mSELECT "schema_migrations"."version" FROM "schema_migrations" ORDER BY "schema_migrations"."version" ASC[0m
  ↳ C:/Ruby24-x64/lib/ruby/gems/2.4.0/gems/activerecord-5.2.0/lib/active_record/log_subscriber.rb:98
Processing by PostsController#index as */*
  Parameters: {"post"=>{}}
  Rendering posts/index.json.builder
  [1m[36mPost Load (15.6ms)[0m  [1m[34mSELECT  "posts".* FROM "posts" ORDER BY created_at DESC LIMIT ?[0m  [["LIMIT", 11]]
  ↳ C:/Ruby24-x64/lib/ruby/gems/2.4.0/gems/activerecord-5.2.0/lib/active_record/log_subscriber.rb:98
  [1m[36mPost Load (0.0ms)[0m  [1m[34mSELECT  "posts".* FROM "posts" ORDER BY created_at DESC LIMIT ?[0m  [["LIMIT", 11]]
  ↳ C:/Ruby24-x64/lib/ruby/gems/2.4.0/gems/activerecord-5.2.0/lib/active_record/log_subscriber.rb:98
  [1m[36mPost Load (0.0ms)[0m  [1m[34mSELECT  "posts".* FROM "posts" ORDER BY created_at DESC LIMIT ?[0m  [["LIMIT", 11]]
  ↳ C:/Ruby24-x64/lib/ruby/gems/2.4.0/gems/activerecord-5.2.0/lib/active_record/log_subscriber.rb:98
  [1m[36mPost Load (14.0ms)[0m  [1m[34mSELECT  "posts".* FROM "posts" ORDER BY created_at DESC LIMIT ?[0m  [["LIMIT", 11]]
  ↳ C:/Ruby24-x64/lib/ruby/gems/2.4.0/gems/activerecord-5.2.0/lib/active_record/log_subscriber.rb:98
  [1m[36mPost Load (0.0ms)[0m  [1m[34mSELECT  "posts".* FROM "posts" ORDER BY created_at DESC LIMIT ?[0m  [["LIMIT", 11]]
  ↳ C:/Ruby24-x64/lib/ruby/gems/2.4.0/gems/activerecord-5.2.0/lib/active_record/log_subscriber.rb:98
  [1m[36mPost Load (0.0ms)[0m  [1m[34mSELECT  "posts".* FROM "posts" ORDER BY created_at DESC LIMIT ?[0m  [["LIMIT", 11]]
  ↳ C:/Ruby24-x64/lib/ruby/gems/2.4.0/gems/activerecord-5.2.0/lib/active_record/log_subscriber.rb:98
  [1m[36mPost Load (0.0ms)[0m  [1m[34mSELECT  "posts".* FROM "posts" ORDER BY created_at DESC LIMIT ?[0m  [["LIMIT", 11]]
  ↳ C:/Ruby24-x64/lib/ruby/gems/2.4.0/gems/activerecord-5.2.0/lib/active_record/log_subscriber.rb:98
  [1m[36mPost Load (1.0ms)[0m  [1m[34mSELECT  "posts".* FROM "posts" ORDER BY created_at DESC LIMIT ?[0m  [["LIMIT", 11]]
  ↳ C:/Ruby24-x64/lib/ruby/gems/2.4.0/gems/activerecord-5.2.0/lib/active_record/log_subscriber.rb:98
  [1m[36mPost Load (0.0ms)[0m  [1m[34mSELECT  "posts".* FROM "posts" ORDER BY created_at DESC LIMIT ?[0m  [["LIMIT", 11]]
  ↳ C:/Ruby24-x64/lib/ruby/gems/2.4.0/gems/activerecord-5.2.0/lib/active_record/log_subscriber.rb:98
  [1m[36mPost Load (0.0ms)[0m  [1m[34mSELECT  "posts".* FROM "posts" ORDER BY created_at DESC LIMIT ?[0m  [["LIMIT", 11]]
  ↳ C:/Ruby24-x64/lib/ruby/gems/2.4.0/gems/activerecord-5.2.0/lib/active_record/log_subscriber.rb:98
  [1m[36mPost Load (0.0ms)[0m  [1m[34mSELECT  "posts".* FROM "posts" ORDER BY created_at DESC LIMIT ?[0m  [["LIMIT", 11]]
  ↳ C:/Ruby24-x64/lib/ruby/gems/2.4.0/gems/activerecord-5.2.0/lib/active_record/log_subscriber.rb:98
  [1m[36mPost Load (1.0ms)[0m  [1m[34mSELECT  "posts".* FROM "posts" ORDER BY created_at DESC LIMIT ?[0m  [["LIMIT", 11]]
  ↳ C:/Ruby24-x64/lib/ruby/gems/2.4.0/gems/activerecord-5.2.0/lib/active_record/log_subscriber.rb:98
  [1m[36mPost Load (0.0ms)[0m  [1m[34mSELECT  "posts".* FROM "posts" ORDER BY created_at DESC LIMIT ?[0m  [["LIMIT", 11]]
  ↳ C:/Ruby24-x64/lib/ruby/gems/2.4.0/gems/activerecord-5.2.0/lib/active_record/log_subscriber.rb:98
  [1m[36mPost Load (1.0ms)[0m  [1m[34mSELECT  "posts".* FROM "posts" ORDER BY created_at DESC LIMIT ?[0m  [["LIMIT", 11]]
  ↳ C:/Ruby24-x64/lib/ruby/gems/2.4.0/gems/activerecord-5.2.0/lib/active_record/log_subscriber.rb:98
  Rendered posts/index.json.builder (905.6ms)
Completed 500 Internal Server Error in 1457ms (ActiveRecord: 33.6ms)


  
ActionView::Template::Error (undefined local variable or method `json' for #<#<Class:0x0000000006375298>:0x0000000006367e40>
Did you mean?  JSON):
    1: json.array @posts do |post|
    2:     json.id post.id
    3:     json.title post.title
    4:     json.body post.body
  
app/views/posts/index.json.builder:1:in `_app_views_posts_index_json_builder__186973732_52146920'
Started GET "/posts" for 127.0.0.1 at 2018-07-18 20:40:48 -0500
Processing by PostsController#index as */*
  Rendering posts/index.json.builder
  [1m[36mPost Load (0.0ms)[0m  [1m[34mSELECT  "posts".* FROM "posts" ORDER BY created_at DESC LIMIT ?[0m  [["LIMIT", 11]]
  ↳ C:/Ruby24-x64/lib/ruby/gems/2.4.0/gems/activerecord-5.2.0/lib/active_record/log_subscriber.rb:98
  [1m[36mCACHE Post Load (0.0ms)[0m  [1m[34mSELECT  "posts".* FROM "posts" ORDER BY created_at DESC LIMIT ?[0m  [["LIMIT", 11]]
  ↳ C:/Ruby24-x64/lib/ruby/gems/2.4.0/gems/activerecord-5.2.0/lib/active_record/log_subscriber.rb:98
  [1m[36mCACHE Post Load (0.0ms)[0m  [1m[34mSELECT  "posts".* FROM "posts" ORDER BY created_at DESC LIMIT ?[0m  [["LIMIT", 11]]
  ↳ C:/Ruby24-x64/lib/ruby/gems/2.4.0/gems/activerecord-5.2.0/lib/active_record/log_subscriber.rb:98
  [1m[36mCACHE Post Load (0.0ms)[0m  [1m[34mSELECT  "posts".* FROM "posts" ORDER BY created_at DESC LIMIT ?[0m  [["LIMIT", 11]]
  ↳ C:/Ruby24-x64/lib/ruby/gems/2.4.0/gems/activerecord-5.2.0/lib/active_record/log_subscriber.rb:98
  [1m[36mCACHE Post Load (0.0ms)[0m  [1m[34mSELECT  "posts".* FROM "posts" ORDER BY created_at DESC LIMIT ?[0m  [["LIMIT", 11]]
  ↳ C:/Ruby24-x64/lib/ruby/gems/2.4.0/gems/activerecord-5.2.0/lib/active_record/log_subscriber.rb:98
  [1m[36mCACHE Post Load (0.0ms)[0m  [1m[34mSELECT  "posts".* FROM "posts" ORDER BY created_at DESC LIMIT ?[0m  [["LIMIT", 11]]
  ↳ C:/Ruby24-x64/lib/ruby/gems/2.4.0/gems/activerecord-5.2.0/lib/active_record/log_subscriber.rb:98
  [1m[36mCACHE Post Load (0.0ms)[0m  [1m[34mSELECT  "posts".* FROM "posts" ORDER BY created_at DESC LIMIT ?[0m  [["LIMIT", 11]]
  ↳ C:/Ruby24-x64/lib/ruby/gems/2.4.0/gems/activerecord-5.2.0/lib/active_record/log_subscriber.rb:98
  [1m[36mCACHE Post Load (0.0ms)[0m  [1m[34mSELECT  "posts".* FROM "posts" ORDER BY created_at DESC LIMIT ?[0m  [["LIMIT", 11]]
  ↳ C:/Ruby24-x64/lib/ruby/gems/2.4.0/gems/activerecord-5.2.0/lib/active_record/log_subscriber.rb:98
  [1m[36mCACHE Post Load (0.0ms)[0m  [1m[34mSELECT  "posts".* FROM "posts" ORDER BY created_at DESC LIMIT ?[0m  [["LIMIT", 11]]
  ↳ C:/Ruby24-x64/lib/ruby/gems/2.4.0/gems/activerecord-5.2.0/lib/active_record/log_subscriber.rb:98
  [1m[36mCACHE Post Load (0.0ms)[0m  [1m[34mSELECT  "posts".* FROM "posts" ORDER BY created_at DESC LIMIT ?[0m  [["LIMIT", 11]]
  ↳ C:/Ruby24-x64/lib/ruby/gems/2.4.0/gems/activerecord-5.2.0/lib/active_record/log_subscriber.rb:98
  [1m[36mCACHE Post Load (0.0ms)[0m  [1m[34mSELECT  "posts".* FROM "posts" ORDER BY created_at DESC LIMIT ?[0m  [["LIMIT", 11]]
  ↳ C:/Ruby24-x64/lib/ruby/gems/2.4.0/gems/activerecord-5.2.0/lib/active_record/log_subscriber.rb:98
  [1m[36mCACHE Post Load (0.0ms)[0m  [1m[34mSELECT  "posts".* FROM "posts" ORDER BY created_at DESC LIMIT ?[0m  [["LIMIT", 11]]
  ↳ C:/Ruby24-x64/lib/ruby/gems/2.4.0/gems/activerecord-5.2.0/lib/active_record/log_subscriber.rb:98
  [1m[36mCACHE Post Load (0.0ms)[0m  [1m[34mSELECT  "posts".* FROM "posts" ORDER BY created_at DESC LIMIT ?[0m  [["LIMIT", 11]]
  ↳ C:/Ruby24-x64/lib/ruby/gems/2.4.0/gems/activerecord-5.2.0/lib/active_record/log_subscriber.rb:98
  [1m[36mCACHE Post Load (0.0ms)[0m  [1m[34mSELECT  "posts".* FROM "posts" ORDER BY created_at DESC LIMIT ?[0m  [["LIMIT", 11]]
  ↳ C:/Ruby24-x64/lib/ruby/gems/2.4.0/gems/activerecord-5.2.0/lib/active_record/log_subscriber.rb:98
  Rendered posts/index.json.builder (844.4ms)
Completed 500 Internal Server Error in 1394ms (ActiveRecord: 0.0ms)


  
ActionView::Template::Error (undefined local variable or method `json' for #<#<Class:0x0000000006375298>:0x00000000045ae660>
Did you mean?  JSON):
    1: json.array @posts do |post|
    2:     json.id post.id
    3:     json.title post.title
    4:     json.body post.body
  
app/views/posts/index.json.builder:1:in `_app_views_posts_index_json_builder__186973732_34977020'
Started GET "/posts" for 127.0.0.1 at 2018-07-18 20:41:05 -0500
Processing by PostsController#index as */*
  Parameters: {"post"=>{}}
  Rendering posts/index.json.builder
  [1m[36mPost Load (0.0ms)[0m  [1m[34mSELECT  "posts".* FROM "posts" ORDER BY created_at DESC LIMIT ?[0m  [["LIMIT", 11]]
  ↳ C:/Ruby24-x64/lib/ruby/gems/2.4.0/gems/activerecord-5.2.0/lib/active_record/log_subscriber.rb:98
  [1m[36mCACHE Post Load (0.0ms)[0m  [1m[34mSELECT  "posts".* FROM "posts" ORDER BY created_at DESC LIMIT ?[0m  [["LIMIT", 11]]
  ↳ C:/Ruby24-x64/lib/ruby/gems/2.4.0/gems/activerecord-5.2.0/lib/active_record/log_subscriber.rb:98
  [1m[36mCACHE Post Load (0.0ms)[0m  [1m[34mSELECT  "posts".* FROM "posts" ORDER BY created_at DESC LIMIT ?[0m  [["LIMIT", 11]]
  ↳ C:/Ruby24-x64/lib/ruby/gems/2.4.0/gems/activerecord-5.2.0/lib/active_record/log_subscriber.rb:98
  [1m[36mCACHE Post Load (0.0ms)[0m  [1m[34mSELECT  "posts".* FROM "posts" ORDER BY created_at DESC LIMIT ?[0m  [["LIMIT", 11]]
  ↳ C:/Ruby24-x64/lib/ruby/gems/2.4.0/gems/activerecord-5.2.0/lib/active_record/log_subscriber.rb:98
  [1m[36mCACHE Post Load (0.0ms)[0m  [1m[34mSELECT  "posts".* FROM "posts" ORDER BY created_at DESC LIMIT ?[0m  [["LIMIT", 11]]
  ↳ C:/Ruby24-x64/lib/ruby/gems/2.4.0/gems/activerecord-5.2.0/lib/active_record/log_subscriber.rb:98
  [1m[36mCACHE Post Load (0.0ms)[0m  [1m[34mSELECT  "posts".* FROM "posts" ORDER BY created_at DESC LIMIT ?[0m  [["LIMIT", 11]]
  ↳ C:/Ruby24-x64/lib/ruby/gems/2.4.0/gems/activerecord-5.2.0/lib/active_record/log_subscriber.rb:98
  [1m[36mCACHE Post Load (0.0ms)[0m  [1m[34mSELECT  "posts".* FROM "posts" ORDER BY created_at DESC LIMIT ?[0m  [["LIMIT", 11]]
  ↳ C:/Ruby24-x64/lib/ruby/gems/2.4.0/gems/activerecord-5.2.0/lib/active_record/log_subscriber.rb:98
  [1m[36mCACHE Post Load (0.0ms)[0m  [1m[34mSELECT  "posts".* FROM "posts" ORDER BY created_at DESC LIMIT ?[0m  [["LIMIT", 11]]
  ↳ C:/Ruby24-x64/lib/ruby/gems/2.4.0/gems/activerecord-5.2.0/lib/active_record/log_subscriber.rb:98
  [1m[36mCACHE Post Load (0.0ms)[0m  [1m[34mSELECT  "posts".* FROM "posts" ORDER BY created_at DESC LIMIT ?[0m  [["LIMIT", 11]]
  ↳ C:/Ruby24-x64/lib/ruby/gems/2.4.0/gems/activerecord-5.2.0/lib/active_record/log_subscriber.rb:98
  [1m[36mCACHE Post Load (0.0ms)[0m  [1m[34mSELECT  "posts".* FROM "posts" ORDER BY created_at DESC LIMIT ?[0m  [["LIMIT", 11]]
  ↳ C:/Ruby24-x64/lib/ruby/gems/2.4.0/gems/activerecord-5.2.0/lib/active_record/log_subscriber.rb:98
  [1m[36mCACHE Post Load (0.0ms)[0m  [1m[34mSELECT  "posts".* FROM "posts" ORDER BY created_at DESC LIMIT ?[0m  [["LIMIT", 11]]
  ↳ C:/Ruby24-x64/lib/ruby/gems/2.4.0/gems/activerecord-5.2.0/lib/active_record/log_subscriber.rb:98
  [1m[36mCACHE Post Load (0.0ms)[0m  [1m[34mSELECT  "posts".* FROM "posts" ORDER BY created_at DESC LIMIT ?[0m  [["LIMIT", 11]]
  ↳ C:/Ruby24-x64/lib/ruby/gems/2.4.0/gems/activerecord-5.2.0/lib/active_record/log_subscriber.rb:98
  [1m[36mCACHE Post Load (0.0ms)[0m  [1m[34mSELECT  "posts".* FROM "posts" ORDER BY created_at DESC LIMIT ?[0m  [["LIMIT", 11]]
  ↳ C:/Ruby24-x64/lib/ruby/gems/2.4.0/gems/activerecord-5.2.0/lib/active_record/log_subscriber.rb:98
  [1m[36mCACHE Post Load (0.0ms)[0m  [1m[34mSELECT  "posts".* FROM "posts" ORDER BY created_at DESC LIMIT ?[0m  [["LIMIT", 11]]
  ↳ C:/Ruby24-x64/lib/ruby/gems/2.4.0/gems/activerecord-5.2.0/lib/active_record/log_subscriber.rb:98
  Rendered posts/index.json.builder (785.8ms)
Completed 500 Internal Server Error in 1334ms (ActiveRecord: 0.0ms)


  
ActionView::Template::Error (undefined local variable or method `json' for #<#<Class:0x0000000006375298>:0x0000000006548818>
Did you mean?  JSON):
    1: json.array @posts do |post|
    2:     json.id post.id
    3:     json.title post.title
    4:     json.body post.body
  
app/views/posts/index.json.builder:1:in `_app_views_posts_index_json_builder__186973732_53103660'
Started GET "/posts" for 127.0.0.1 at 2018-07-18 20:44:46 -0500
  [1m[35m (0.0ms)[0m  [1m[34mSELECT "schema_migrations"."version" FROM "schema_migrations" ORDER BY "schema_migrations"."version" ASC[0m
  ↳ C:/Ruby24-x64/lib/ruby/gems/2.4.0/gems/activerecord-5.2.0/lib/active_record/log_subscriber.rb:98
Processing by PostsController#index as */*
  Parameters: {"post"=>{}}
  Rendering posts/index.json.builder
  [1m[36mPost Load (0.0ms)[0m  [1m[34mSELECT  "posts".* FROM "posts" ORDER BY created_at DESC LIMIT ?[0m  [["LIMIT", 11]]
  ↳ C:/Ruby24-x64/lib/ruby/gems/2.4.0/gems/activerecord-5.2.0/lib/active_record/log_subscriber.rb:98
  [1m[36mPost Load (0.0ms)[0m  [1m[34mSELECT  "posts".* FROM "posts" ORDER BY created_at DESC LIMIT ?[0m  [["LIMIT", 11]]
  ↳ C:/Ruby24-x64/lib/ruby/gems/2.4.0/gems/activerecord-5.2.0/lib/active_record/log_subscriber.rb:98
  [1m[36mPost Load (0.0ms)[0m  [1m[34mSELECT  "posts".* FROM "posts" ORDER BY created_at DESC LIMIT ?[0m  [["LIMIT", 11]]
  ↳ C:/Ruby24-x64/lib/ruby/gems/2.4.0/gems/activerecord-5.2.0/lib/active_record/log_subscriber.rb:98
  [1m[36mPost Load (0.0ms)[0m  [1m[34mSELECT  "posts".* FROM "posts" ORDER BY created_at DESC LIMIT ?[0m  [["LIMIT", 11]]
  ↳ C:/Ruby24-x64/lib/ruby/gems/2.4.0/gems/activerecord-5.2.0/lib/active_record/log_subscriber.rb:98
  [1m[36mPost Load (1.0ms)[0m  [1m[34mSELECT  "posts".* FROM "posts" ORDER BY created_at DESC LIMIT ?[0m  [["LIMIT", 11]]
  ↳ C:/Ruby24-x64/lib/ruby/gems/2.4.0/gems/activerecord-5.2.0/lib/active_record/log_subscriber.rb:98
  [1m[36mPost Load (0.0ms)[0m  [1m[34mSELECT  "posts".* FROM "posts" ORDER BY created_at DESC LIMIT ?[0m  [["LIMIT", 11]]
  ↳ C:/Ruby24-x64/lib/ruby/gems/2.4.0/gems/activerecord-5.2.0/lib/active_record/log_subscriber.rb:98
  [1m[36mPost Load (1.0ms)[0m  [1m[34mSELECT  "posts".* FROM "posts" ORDER BY created_at DESC LIMIT ?[0m  [["LIMIT", 11]]
  ↳ C:/Ruby24-x64/lib/ruby/gems/2.4.0/gems/activerecord-5.2.0/lib/active_record/log_subscriber.rb:98
  [1m[36mPost Load (0.0ms)[0m  [1m[34mSELECT  "posts".* FROM "posts" ORDER BY created_at DESC LIMIT ?[0m  [["LIMIT", 11]]
  ↳ C:/Ruby24-x64/lib/ruby/gems/2.4.0/gems/activerecord-5.2.0/lib/active_record/log_subscriber.rb:98
  [1m[36mPost Load (1.0ms)[0m  [1m[34mSELECT  "posts".* FROM "posts" ORDER BY created_at DESC LIMIT ?[0m  [["LIMIT", 11]]
  ↳ C:/Ruby24-x64/lib/ruby/gems/2.4.0/gems/activerecord-5.2.0/lib/active_record/log_subscriber.rb:98
  [1m[36mPost Load (1.0ms)[0m  [1m[34mSELECT  "posts".* FROM "posts" ORDER BY created_at DESC LIMIT ?[0m  [["LIMIT", 11]]
  ↳ C:/Ruby24-x64/lib/ruby/gems/2.4.0/gems/activerecord-5.2.0/lib/active_record/log_subscriber.rb:98
  [1m[36mPost Load (0.0ms)[0m  [1m[34mSELECT  "posts".* FROM "posts" ORDER BY created_at DESC LIMIT ?[0m  [["LIMIT", 11]]
  ↳ C:/Ruby24-x64/lib/ruby/gems/2.4.0/gems/activerecord-5.2.0/lib/active_record/log_subscriber.rb:98
  [1m[36mPost Load (0.0ms)[0m  [1m[34mSELECT  "posts".* FROM "posts" ORDER BY created_at DESC LIMIT ?[0m  [["LIMIT", 11]]
  ↳ C:/Ruby24-x64/lib/ruby/gems/2.4.0/gems/activerecord-5.2.0/lib/active_record/log_subscriber.rb:98
  [1m[36mPost Load (1.0ms)[0m  [1m[34mSELECT  "posts".* FROM "posts" ORDER BY created_at DESC LIMIT ?[0m  [["LIMIT", 11]]
  ↳ C:/Ruby24-x64/lib/ruby/gems/2.4.0/gems/activerecord-5.2.0/lib/active_record/log_subscriber.rb:98
  [1m[36mPost Load (1.0ms)[0m  [1m[34mSELECT  "posts".* FROM "posts" ORDER BY created_at DESC LIMIT ?[0m  [["LIMIT", 11]]
  ↳ C:/Ruby24-x64/lib/ruby/gems/2.4.0/gems/activerecord-5.2.0/lib/active_record/log_subscriber.rb:98
  Rendered posts/index.json.builder (835.0ms)
Completed 500 Internal Server Error in 1417ms (ActiveRecord: 6.0ms)


  
ActionView::Template::Error (undefined local variable or method `json' for #<#<Class:0x00000000033eb2c0>:0x0000000002a76708>
Did you mean?  JSON):
    1: json.array @posts do |post|
    2:     json.id post.id
    3:     json.title post.title
    4:     json.body post.body
  
app/views/posts/index.json.builder:1:in `_app_views_posts_index_json_builder__336087040_27488140'
Started GET "/posts" for 127.0.0.1 at 2018-07-18 20:49:00 -0500
  [1m[35m (0.0ms)[0m  [1m[34mSELECT "schema_migrations"."version" FROM "schema_migrations" ORDER BY "schema_migrations"."version" ASC[0m
  ↳ C:/Ruby24-x64/lib/ruby/gems/2.4.0/gems/activerecord-5.2.0/lib/active_record/log_subscriber.rb:98
Processing by PostsController#index as */*
  Parameters: {"post"=>{}}
  Rendering posts/index.json.jbuilder
  [1m[36mPost Load (0.0ms)[0m  [1m[34mSELECT "posts".* FROM "posts" ORDER BY created_at DESC[0m
  ↳ app/views/posts/index.json.jbuilder:1
  Rendered posts/index.json.jbuilder (46.8ms)
Completed 200 OK in 600ms (Views: 326.6ms | ActiveRecord: 0.0ms)


Started GET "/posts" for 127.0.0.1 at 2018-07-18 20:50:07 -0500
Processing by PostsController#index as */*
  Parameters: {"post"=>{}}
  Rendering posts/index.json.jbuilder
  [1m[36mPost Load (0.0ms)[0m  [1m[34mSELECT "posts".* FROM "posts" ORDER BY created_at DESC[0m
  ↳ app/views/posts/index.json.jbuilder:1
  Rendered posts/index.json.jbuilder (897.8ms)
Completed 500 Internal Server Error in 1441ms (ActiveRecord: 0.0ms)


  
ActionView::Template::Error (undefined local variable or method `dojson' for #<#<Class:0x000000000394cf98>:0x0000000008f4b430>
Did you mean?  to_json):
    3:     json.title post.title
    4:     json.body post.body
    5: 
    6:     json.usedr dojson.id post.user.id
    7:     json.name post.user.name
    8:     
    9: end
  
app/views/posts/index.json.jbuilder:6:in `block in _app_views_posts_index_json_jbuilder__697787244_75139920'
app/views/posts/index.json.jbuilder:1:in `_app_views_posts_index_json_jbuilder__697787244_75139920'
Started GET "/posts" for 127.0.0.1 at 2018-07-18 20:50:50 -0500
  [1m[35m (0.0ms)[0m  [1m[34mSELECT "schema_migrations"."version" FROM "schema_migrations" ORDER BY "schema_migrations"."version" ASC[0m
  ↳ C:/Ruby24-x64/lib/ruby/gems/2.4.0/gems/activerecord-5.2.0/lib/active_record/log_subscriber.rb:98
Processing by PostsController#index as */*
  Parameters: {"post"=>{}}
  Rendering posts/index.json.jbuilder
  Rendered posts/index.json.jbuilder (0.0ms)
Completed 500 Internal Server Error in 543ms (ActiveRecord: 0.0ms)


  
SyntaxError (C:/Users/Administrador/Downloads/Rest 18/blog/app/views/posts/index.json.jbuilder:14: syntax error, unexpected keyword_ensure, expecting keyword_end
          ensure
                ^):
  
app/views/posts/index.json.jbuilder:14: syntax error, unexpected keyword_ensure, expecting keyword_end
Started GET "/posts" for 127.0.0.1 at 2018-07-18 20:51:55 -0500
  [1m[35m (0.0ms)[0m  [1m[34mSELECT "schema_migrations"."version" FROM "schema_migrations" ORDER BY "schema_migrations"."version" ASC[0m
  ↳ C:/Ruby24-x64/lib/ruby/gems/2.4.0/gems/activerecord-5.2.0/lib/active_record/log_subscriber.rb:98
Processing by PostsController#index as */*
  Parameters: {"post"=>{}}
  Rendering posts/index.json.jbuilder
  [1m[36mPost Load (0.0ms)[0m  [1m[34mSELECT "posts".* FROM "posts" ORDER BY created_at DESC[0m
  ↳ app/views/posts/index.json.jbuilder:1
  [1m[36mUser Load (0.0ms)[0m  [1m[34mSELECT  "users".* FROM "users" WHERE "users"."id" = ? LIMIT ?[0m  [["id", 17], ["LIMIT", 1]]
  ↳ app/views/posts/index.json.jbuilder:7
  [1m[36mUser Load (0.0ms)[0m  [1m[34mSELECT  "users".* FROM "users" WHERE "users"."id" = ? LIMIT ?[0m  [["id", 16], ["LIMIT", 1]]
  ↳ app/views/posts/index.json.jbuilder:7
  [1m[36mUser Load (0.0ms)[0m  [1m[34mSELECT  "users".* FROM "users" WHERE "users"."id" = ? LIMIT ?[0m  [["id", 15], ["LIMIT", 1]]
  ↳ app/views/posts/index.json.jbuilder:7
  [1m[36mUser Load (0.0ms)[0m  [1m[34mSELECT  "users".* FROM "users" WHERE "users"."id" = ? LIMIT ?[0m  [["id", 14], ["LIMIT", 1]]
  ↳ app/views/posts/index.json.jbuilder:7
  [1m[36mUser Load (1.0ms)[0m  [1m[34mSELECT  "users".* FROM "users" WHERE "users"."id" = ? LIMIT ?[0m  [["id", 13], ["LIMIT", 1]]
  ↳ app/views/posts/index.json.jbuilder:7
  [1m[36mUser Load (0.0ms)[0m  [1m[34mSELECT  "users".* FROM "users" WHERE "users"."id" = ? LIMIT ?[0m  [["id", 12], ["LIMIT", 1]]
  ↳ app/views/posts/index.json.jbuilder:7
  [1m[36mUser Load (0.0ms)[0m  [1m[34mSELECT  "users".* FROM "users" WHERE "users"."id" = ? LIMIT ?[0m  [["id", 11], ["LIMIT", 1]]
  ↳ app/views/posts/index.json.jbuilder:7
  [1m[36mUser Load (1.0ms)[0m  [1m[34mSELECT  "users".* FROM "users" WHERE "users"."id" = ? LIMIT ?[0m  [["id", 10], ["LIMIT", 1]]
  ↳ app/views/posts/index.json.jbuilder:7
  [1m[36mUser Load (0.0ms)[0m  [1m[34mSELECT  "users".* FROM "users" WHERE "users"."id" = ? LIMIT ?[0m  [["id", 9], ["LIMIT", 1]]
  ↳ app/views/posts/index.json.jbuilder:7
  [1m[36mUser Load (0.0ms)[0m  [1m[34mSELECT  "users".* FROM "users" WHERE "users"."id" = ? LIMIT ?[0m  [["id", 8], ["LIMIT", 1]]
  ↳ app/views/posts/index.json.jbuilder:7
  Rendered posts/index.json.jbuilder (63.8ms)
Completed 200 OK in 614ms (Views: 329.1ms | ActiveRecord: 3.0ms)


Started GET "/posts/" for 127.0.0.1 at 2018-07-18 21:10:52 -0500
  [1m[35m (0.0ms)[0m  [1m[34mSELECT "schema_migrations"."version" FROM "schema_migrations" ORDER BY "schema_migrations"."version" ASC[0m
  ↳ C:/Ruby24-x64/lib/ruby/gems/2.4.0/gems/activerecord-5.2.0/lib/active_record/log_subscriber.rb:98
Processing by PostsController#index as */*
  Parameters: {"post"=>{}}
  Rendering posts/index.json.jbuilder
  [1m[36mPost Load (0.0ms)[0m  [1m[34mSELECT "posts".* FROM "posts" ORDER BY created_at DESC[0m
  ↳ app/views/posts/index.json.jbuilder:1
  [1m[36mUser Load (0.0ms)[0m  [1m[34mSELECT  "users".* FROM "users" WHERE "users"."id" = ? LIMIT ?[0m  [["id", 17], ["LIMIT", 1]]
  ↳ app/views/posts/index.json.jbuilder:7
  [1m[36mUser Load (0.0ms)[0m  [1m[34mSELECT  "users".* FROM "users" WHERE "users"."id" = ? LIMIT ?[0m  [["id", 16], ["LIMIT", 1]]
  ↳ app/views/posts/index.json.jbuilder:7
  [1m[36mUser Load (0.0ms)[0m  [1m[34mSELECT  "users".* FROM "users" WHERE "users"."id" = ? LIMIT ?[0m  [["id", 15], ["LIMIT", 1]]
  ↳ app/views/posts/index.json.jbuilder:7
  [1m[36mUser Load (0.0ms)[0m  [1m[34mSELECT  "users".* FROM "users" WHERE "users"."id" = ? LIMIT ?[0m  [["id", 14], ["LIMIT", 1]]
  ↳ app/views/posts/index.json.jbuilder:7
  [1m[36mUser Load (0.0ms)[0m  [1m[34mSELECT  "users".* FROM "users" WHERE "users"."id" = ? LIMIT ?[0m  [["id", 13], ["LIMIT", 1]]
  ↳ app/views/posts/index.json.jbuilder:7
  [1m[36mUser Load (0.0ms)[0m  [1m[34mSELECT  "users".* FROM "users" WHERE "users"."id" = ? LIMIT ?[0m  [["id", 12], ["LIMIT", 1]]
  ↳ app/views/posts/index.json.jbuilder:7
  [1m[36mUser Load (0.0ms)[0m  [1m[34mSELECT  "users".* FROM "users" WHERE "users"."id" = ? LIMIT ?[0m  [["id", 11], ["LIMIT", 1]]
  ↳ app/views/posts/index.json.jbuilder:7
  [1m[36mUser Load (0.0ms)[0m  [1m[34mSELECT  "users".* FROM "users" WHERE "users"."id" = ? LIMIT ?[0m  [["id", 10], ["LIMIT", 1]]
  ↳ app/views/posts/index.json.jbuilder:7
  [1m[36mUser Load (0.0ms)[0m  [1m[34mSELECT  "users".* FROM "users" WHERE "users"."id" = ? LIMIT ?[0m  [["id", 9], ["LIMIT", 1]]
  ↳ app/views/posts/index.json.jbuilder:7
  [1m[36mUser Load (0.0ms)[0m  [1m[34mSELECT  "users".* FROM "users" WHERE "users"."id" = ? LIMIT ?[0m  [["id", 8], ["LIMIT", 1]]
  ↳ app/views/posts/index.json.jbuilder:7
  Rendered posts/index.json.jbuilder (46.8ms)
Completed 200 OK in 609ms (Views: 326.9ms | ActiveRecord: 0.0ms)


Started GET "/posts/10" for 127.0.0.1 at 2018-07-18 21:10:58 -0500
Processing by PostsController#show as */*
  Parameters: {"id"=>"10", "post"=>{}}
  [1m[36mPost Load (1.0ms)[0m  [1m[34mSELECT  "posts".* FROM "posts" WHERE "posts"."id" = ? LIMIT ?[0m  [["id", 10], ["LIMIT", 1]]
  ↳ app/controllers/posts_controller.rb:9
  Rendering posts/show.json.jbuilder
  Rendered posts/show.json.jbuilder (0.0ms)
Completed 200 OK in 535ms (Views: 272.2ms | ActiveRecord: 1.0ms)


Started GET "/posts/10" for 127.0.0.1 at 2018-07-18 21:12:05 -0500
  [1m[35m (0.0ms)[0m  [1m[34mSELECT "schema_migrations"."version" FROM "schema_migrations" ORDER BY "schema_migrations"."version" ASC[0m
  ↳ C:/Ruby24-x64/lib/ruby/gems/2.4.0/gems/activerecord-5.2.0/lib/active_record/log_subscriber.rb:98
Processing by PostsController#show as */*
  Parameters: {"id"=>"10", "post"=>{}}
  [1m[36mPost Load (0.0ms)[0m  [1m[34mSELECT  "posts".* FROM "posts" WHERE "posts"."id" = ? LIMIT ?[0m  [["id", 10], ["LIMIT", 1]]
  ↳ app/controllers/posts_controller.rb:9
  Rendering posts/show.json.jbuilder
  Rendered posts/show.json.jbuilder (0.0ms)
Completed 200 OK in 568ms (Views: 281.5ms | ActiveRecord: 0.0ms)


Started GET "/posts/10" for 127.0.0.1 at 2018-07-18 21:14:26 -0500
Processing by PostsController#show as */*
  Parameters: {"id"=>"10", "post"=>{}}
  [1m[36mPost Load (0.0ms)[0m  [1m[34mSELECT  "posts".* FROM "posts" WHERE "posts"."id" = ? LIMIT ?[0m  [["id", 10], ["LIMIT", 1]]
  ↳ app/controllers/posts_controller.rb:9
  Rendering posts/show.json.jbuilder
  Rendered posts/show.json.jbuilder (0.0ms)
Completed 200 OK in 553ms (Views: 276.3ms | ActiveRecord: 0.0ms)


Started GET "/posts/10" for 127.0.0.1 at 2018-07-18 21:14:51 -0500
Processing by PostsController#show as */*
  Parameters: {"id"=>"10", "post"=>{}}
  [1m[36mPost Load (0.0ms)[0m  [1m[34mSELECT  "posts".* FROM "posts" WHERE "posts"."id" = ? LIMIT ?[0m  [["id", 10], ["LIMIT", 1]]
  ↳ app/controllers/posts_controller.rb:9
  Rendering posts/show.json.jbuilder
  Rendered posts/show.json.jbuilder (910.2ms)
Completed 500 Internal Server Error in 1459ms (ActiveRecord: 0.0ms)


  
ActionView::Template::Error (undefined local variable or method `post' for #<#<Class:0x0000000008f94680>:0x0000000008e72810>
Did you mean?  @post):
    4:     json.body @post.body
    5: end
    6: json.user do
    7:     json.id post.user.id
    8: end
  
app/views/posts/show.json.jbuilder:7:in `block in _app_views_posts_show_json_jbuilder__886582732_74680080'
app/views/posts/show.json.jbuilder:6:in `_app_views_posts_show_json_jbuilder__886582732_74680080'
Started GET "/posts/10" for 127.0.0.1 at 2018-07-18 21:15:27 -0500
Processing by PostsController#show as */*
  Parameters: {"id"=>"10", "post"=>{}}
  [1m[36mPost Load (0.0ms)[0m  [1m[34mSELECT  "posts".* FROM "posts" WHERE "posts"."id" = ? LIMIT ?[0m  [["id", 10], ["LIMIT", 1]]
  ↳ app/controllers/posts_controller.rb:9
  Rendering posts/show.json.jbuilder
  Rendered posts/show.json.jbuilder (699.8ms)
Completed 500 Internal Server Error in 1251ms (ActiveRecord: 0.0ms)


  
ActionView::Template::Error (undefined local variable or method `post' for #<#<Class:0x0000000008f94680>:0x0000000006767f90>
Did you mean?  @post):
    4:     json.body @post.body
    5: 
    6: json.user do
    7:     json.id post.user.id
    8: end
    9: end
  
app/views/posts/show.json.jbuilder:7:in `block (2 levels) in _app_views_posts_show_json_jbuilder__886582732_54240960'
app/views/posts/show.json.jbuilder:6:in `block in _app_views_posts_show_json_jbuilder__886582732_54240960'
app/views/posts/show.json.jbuilder:1:in `_app_views_posts_show_json_jbuilder__886582732_54240960'
Started GET "/posts/10" for 127.0.0.1 at 2018-07-18 21:16:09 -0500
Processing by PostsController#show as */*
  Parameters: {"id"=>"10", "post"=>{}}
  [1m[36mPost Load (1.0ms)[0m  [1m[34mSELECT  "posts".* FROM "posts" WHERE "posts"."id" = ? LIMIT ?[0m  [["id", 10], ["LIMIT", 1]]
  ↳ app/controllers/posts_controller.rb:9
  Rendering posts/show.json.jbuilder
  Rendered posts/show.json.jbuilder (671.6ms)
Completed 500 Internal Server Error in 1227ms (ActiveRecord: 1.0ms)


  
ActionView::Template::Error (undefined local variable or method `post' for #<#<Class:0x0000000008f94680>:0x0000000003956728>
Did you mean?  @post):
    5: end
    6: 
    7: json.user do
    8:     json.id post.user.id
    9: end
  
app/views/posts/show.json.jbuilder:8:in `block in _app_views_posts_show_json_jbuilder__886582732_30064460'
app/views/posts/show.json.jbuilder:7:in `_app_views_posts_show_json_jbuilder__886582732_30064460'
Started GET "/posts/10" for 127.0.0.1 at 2018-07-18 21:16:36 -0500
Processing by PostsController#show as */*
  Parameters: {"id"=>"10", "post"=>{}}
  [1m[36mPost Load (0.0ms)[0m  [1m[34mSELECT  "posts".* FROM "posts" WHERE "posts"."id" = ? LIMIT ?[0m  [["id", 10], ["LIMIT", 1]]
  ↳ app/controllers/posts_controller.rb:9
  Rendering posts/show.json.jbuilder
  Rendered posts/show.json.jbuilder (0.0ms)
Completed 200 OK in 548ms (Views: 272.5ms | ActiveRecord: 0.0ms)


Started GET "/posts/" for 127.0.0.1 at 2018-07-18 21:18:14 -0500
Processing by PostsController#index as */*
  Parameters: {"post"=>{}}
  Rendering posts/index.json.jbuilder
  [1m[36mPost Load (0.0ms)[0m  [1m[34mSELECT "posts".* FROM "posts" ORDER BY created_at DESC[0m
  ↳ app/views/posts/index.json.jbuilder:1
  [1m[36mUser Load (0.0ms)[0m  [1m[34mSELECT  "users".* FROM "users" WHERE "users"."id" = ? LIMIT ?[0m  [["id", 17], ["LIMIT", 1]]
  ↳ app/views/posts/index.json.jbuilder:7
  [1m[36mUser Load (1.0ms)[0m  [1m[34mSELECT  "users".* FROM "users" WHERE "users"."id" = ? LIMIT ?[0m  [["id", 16], ["LIMIT", 1]]
  ↳ app/views/posts/index.json.jbuilder:7
  [1m[36mUser Load (0.0ms)[0m  [1m[34mSELECT  "users".* FROM "users" WHERE "users"."id" = ? LIMIT ?[0m  [["id", 15], ["LIMIT", 1]]
  ↳ app/views/posts/index.json.jbuilder:7
  [1m[36mUser Load (0.0ms)[0m  [1m[34mSELECT  "users".* FROM "users" WHERE "users"."id" = ? LIMIT ?[0m  [["id", 14], ["LIMIT", 1]]
  ↳ app/views/posts/index.json.jbuilder:7
  [1m[36mUser Load (0.0ms)[0m  [1m[34mSELECT  "users".* FROM "users" WHERE "users"."id" = ? LIMIT ?[0m  [["id", 13], ["LIMIT", 1]]
  ↳ app/views/posts/index.json.jbuilder:7
  [1m[36mUser Load (0.0ms)[0m  [1m[34mSELECT  "users".* FROM "users" WHERE "users"."id" = ? LIMIT ?[0m  [["id", 12], ["LIMIT", 1]]
  ↳ app/views/posts/index.json.jbuilder:7
  [1m[36mUser Load (0.0ms)[0m  [1m[34mSELECT  "users".* FROM "users" WHERE "users"."id" = ? LIMIT ?[0m  [["id", 11], ["LIMIT", 1]]
  ↳ app/views/posts/index.json.jbuilder:7
  [1m[36mUser Load (1.0ms)[0m  [1m[34mSELECT  "users".* FROM "users" WHERE "users"."id" = ? LIMIT ?[0m  [["id", 10], ["LIMIT", 1]]
  ↳ app/views/posts/index.json.jbuilder:7
  [1m[36mUser Load (0.0ms)[0m  [1m[34mSELECT  "users".* FROM "users" WHERE "users"."id" = ? LIMIT ?[0m  [["id", 9], ["LIMIT", 1]]
  ↳ app/views/posts/index.json.jbuilder:7
  [1m[36mUser Load (0.0ms)[0m  [1m[34mSELECT  "users".* FROM "users" WHERE "users"."id" = ? LIMIT ?[0m  [["id", 8], ["LIMIT", 1]]
  ↳ app/views/posts/index.json.jbuilder:7
  Rendered posts/index.json.jbuilder (268.8ms)
Completed 200 OK in 821ms (Views: 536.5ms | ActiveRecord: 3.0ms)


Started GET "/users" for 127.0.0.1 at 2018-07-18 21:20:04 -0500
  
ActionController::RoutingError (No route matches [GET] "/users"):
  
actionpack (5.2.0) lib/action_dispatch/middleware/debug_exceptions.rb:65:in `call'
actionpack (5.2.0) lib/action_dispatch/middleware/show_exceptions.rb:33:in `call'
railties (5.2.0) lib/rails/rack/logger.rb:38:in `call_app'
railties (5.2.0) lib/rails/rack/logger.rb:26:in `block in call'
activesupport (5.2.0) lib/active_support/tagged_logging.rb:71:in `block in tagged'
activesupport (5.2.0) lib/active_support/tagged_logging.rb:28:in `tagged'
activesupport (5.2.0) lib/active_support/tagged_logging.rb:71:in `tagged'
railties (5.2.0) lib/rails/rack/logger.rb:26:in `call'
actionpack (5.2.0) lib/action_dispatch/middleware/remote_ip.rb:81:in `call'
actionpack (5.2.0) lib/action_dispatch/middleware/request_id.rb:27:in `call'
rack (2.0.5) lib/rack/runtime.rb:22:in `call'
activesupport (5.2.0) lib/active_support/cache/strategy/local_cache_middleware.rb:29:in `call'
actionpack (5.2.0) lib/action_dispatch/middleware/executor.rb:14:in `call'
actionpack (5.2.0) lib/action_dispatch/middleware/static.rb:127:in `call'
rack (2.0.5) lib/rack/sendfile.rb:111:in `call'
railties (5.2.0) lib/rails/engine.rb:524:in `call'
puma (3.12.0) lib/puma/configuration.rb:225:in `call'
puma (3.12.0) lib/puma/server.rb:658:in `handle_request'
puma (3.12.0) lib/puma/server.rb:472:in `process_client'
puma (3.12.0) lib/puma/server.rb:332:in `block in run'
puma (3.12.0) lib/puma/thread_pool.rb:133:in `block in spawn_thread'
Started GET "/users" for 127.0.0.1 at 2018-07-18 21:20:56 -0500
  
ActionController::RoutingError (No route matches [GET] "/users"):
  
actionpack (5.2.0) lib/action_dispatch/middleware/debug_exceptions.rb:65:in `call'
actionpack (5.2.0) lib/action_dispatch/middleware/show_exceptions.rb:33:in `call'
railties (5.2.0) lib/rails/rack/logger.rb:38:in `call_app'
railties (5.2.0) lib/rails/rack/logger.rb:26:in `block in call'
activesupport (5.2.0) lib/active_support/tagged_logging.rb:71:in `block in tagged'
activesupport (5.2.0) lib/active_support/tagged_logging.rb:28:in `tagged'
activesupport (5.2.0) lib/active_support/tagged_logging.rb:71:in `tagged'
railties (5.2.0) lib/rails/rack/logger.rb:26:in `call'
actionpack (5.2.0) lib/action_dispatch/middleware/remote_ip.rb:81:in `call'
actionpack (5.2.0) lib/action_dispatch/middleware/request_id.rb:27:in `call'
rack (2.0.5) lib/rack/runtime.rb:22:in `call'
activesupport (5.2.0) lib/active_support/cache/strategy/local_cache_middleware.rb:29:in `call'
actionpack (5.2.0) lib/action_dispatch/middleware/executor.rb:14:in `call'
actionpack (5.2.0) lib/action_dispatch/middleware/static.rb:127:in `call'
rack (2.0.5) lib/rack/sendfile.rb:111:in `call'
railties (5.2.0) lib/rails/engine.rb:524:in `call'
puma (3.12.0) lib/puma/configuration.rb:225:in `call'
puma (3.12.0) lib/puma/server.rb:658:in `handle_request'
puma (3.12.0) lib/puma/server.rb:472:in `process_client'
puma (3.12.0) lib/puma/server.rb:332:in `block in run'
puma (3.12.0) lib/puma/thread_pool.rb:133:in `block in spawn_thread'
Started GET "/users" for 127.0.0.1 at 2018-07-18 21:21:17 -0500
  
ActionController::RoutingError (No route matches [GET] "/users"):
  
actionpack (5.2.0) lib/action_dispatch/middleware/debug_exceptions.rb:65:in `call'
actionpack (5.2.0) lib/action_dispatch/middleware/show_exceptions.rb:33:in `call'
railties (5.2.0) lib/rails/rack/logger.rb:38:in `call_app'
railties (5.2.0) lib/rails/rack/logger.rb:26:in `block in call'
activesupport (5.2.0) lib/active_support/tagged_logging.rb:71:in `block in tagged'
activesupport (5.2.0) lib/active_support/tagged_logging.rb:28:in `tagged'
activesupport (5.2.0) lib/active_support/tagged_logging.rb:71:in `tagged'
railties (5.2.0) lib/rails/rack/logger.rb:26:in `call'
actionpack (5.2.0) lib/action_dispatch/middleware/remote_ip.rb:81:in `call'
actionpack (5.2.0) lib/action_dispatch/middleware/request_id.rb:27:in `call'
rack (2.0.5) lib/rack/runtime.rb:22:in `call'
activesupport (5.2.0) lib/active_support/cache/strategy/local_cache_middleware.rb:29:in `call'
actionpack (5.2.0) lib/action_dispatch/middleware/executor.rb:14:in `call'
actionpack (5.2.0) lib/action_dispatch/middleware/static.rb:127:in `call'
rack (2.0.5) lib/rack/sendfile.rb:111:in `call'
railties (5.2.0) lib/rails/engine.rb:524:in `call'
puma (3.12.0) lib/puma/configuration.rb:225:in `call'
puma (3.12.0) lib/puma/server.rb:658:in `handle_request'
puma (3.12.0) lib/puma/server.rb:472:in `process_client'
puma (3.12.0) lib/puma/server.rb:332:in `block in run'
puma (3.12.0) lib/puma/thread_pool.rb:133:in `block in spawn_thread'
Started GET "/user" for 127.0.0.1 at 2018-07-18 21:21:20 -0500
  
ActionController::RoutingError (No route matches [GET] "/user"):
  
actionpack (5.2.0) lib/action_dispatch/middleware/debug_exceptions.rb:65:in `call'
actionpack (5.2.0) lib/action_dispatch/middleware/show_exceptions.rb:33:in `call'
railties (5.2.0) lib/rails/rack/logger.rb:38:in `call_app'
railties (5.2.0) lib/rails/rack/logger.rb:26:in `block in call'
activesupport (5.2.0) lib/active_support/tagged_logging.rb:71:in `block in tagged'
activesupport (5.2.0) lib/active_support/tagged_logging.rb:28:in `tagged'
activesupport (5.2.0) lib/active_support/tagged_logging.rb:71:in `tagged'
railties (5.2.0) lib/rails/rack/logger.rb:26:in `call'
actionpack (5.2.0) lib/action_dispatch/middleware/remote_ip.rb:81:in `call'
actionpack (5.2.0) lib/action_dispatch/middleware/request_id.rb:27:in `call'
rack (2.0.5) lib/rack/runtime.rb:22:in `call'
activesupport (5.2.0) lib/active_support/cache/strategy/local_cache_middleware.rb:29:in `call'
actionpack (5.2.0) lib/action_dispatch/middleware/executor.rb:14:in `call'
actionpack (5.2.0) lib/action_dispatch/middleware/static.rb:127:in `call'
rack (2.0.5) lib/rack/sendfile.rb:111:in `call'
railties (5.2.0) lib/rails/engine.rb:524:in `call'
puma (3.12.0) lib/puma/configuration.rb:225:in `call'
puma (3.12.0) lib/puma/server.rb:658:in `handle_request'
puma (3.12.0) lib/puma/server.rb:472:in `process_client'
puma (3.12.0) lib/puma/server.rb:332:in `block in run'
puma (3.12.0) lib/puma/thread_pool.rb:133:in `block in spawn_thread'
Started GET "/user" for 127.0.0.1 at 2018-07-18 21:21:28 -0500
  
ActionController::RoutingError (No route matches [GET] "/user"):
  
actionpack (5.2.0) lib/action_dispatch/middleware/debug_exceptions.rb:65:in `call'
actionpack (5.2.0) lib/action_dispatch/middleware/show_exceptions.rb:33:in `call'
railties (5.2.0) lib/rails/rack/logger.rb:38:in `call_app'
railties (5.2.0) lib/rails/rack/logger.rb:26:in `block in call'
activesupport (5.2.0) lib/active_support/tagged_logging.rb:71:in `block in tagged'
activesupport (5.2.0) lib/active_support/tagged_logging.rb:28:in `tagged'
activesupport (5.2.0) lib/active_support/tagged_logging.rb:71:in `tagged'
railties (5.2.0) lib/rails/rack/logger.rb:26:in `call'
actionpack (5.2.0) lib/action_dispatch/middleware/remote_ip.rb:81:in `call'
actionpack (5.2.0) lib/action_dispatch/middleware/request_id.rb:27:in `call'
rack (2.0.5) lib/rack/runtime.rb:22:in `call'
activesupport (5.2.0) lib/active_support/cache/strategy/local_cache_middleware.rb:29:in `call'
actionpack (5.2.0) lib/action_dispatch/middleware/executor.rb:14:in `call'
actionpack (5.2.0) lib/action_dispatch/middleware/static.rb:127:in `call'
rack (2.0.5) lib/rack/sendfile.rb:111:in `call'
railties (5.2.0) lib/rails/engine.rb:524:in `call'
puma (3.12.0) lib/puma/configuration.rb:225:in `call'
puma (3.12.0) lib/puma/server.rb:658:in `handle_request'
puma (3.12.0) lib/puma/server.rb:472:in `process_client'
puma (3.12.0) lib/puma/server.rb:332:in `block in run'
puma (3.12.0) lib/puma/thread_pool.rb:133:in `block in spawn_thread'
Started GET "/user" for 127.0.0.1 at 2018-07-18 21:22:21 -0500
  
ActionController::RoutingError (uninitialized constant UserController):
  
bootsnap (1.3.1) lib/bootsnap/load_path_cache/core_ext/active_support.rb:53:in `block in load_missing_constant'
bootsnap (1.3.1) lib/bootsnap/load_path_cache/core_ext/active_support.rb:8:in `without_bootsnap_cache'
bootsnap (1.3.1) lib/bootsnap/load_path_cache/core_ext/active_support.rb:53:in `rescue in load_missing_constant'
bootsnap (1.3.1) lib/bootsnap/load_path_cache/core_ext/active_support.rb:42:in `load_missing_constant'
activesupport (5.2.0) lib/active_support/inflector/methods.rb:283:in `const_get'
activesupport (5.2.0) lib/active_support/inflector/methods.rb:283:in `block in constantize'
activesupport (5.2.0) lib/active_support/inflector/methods.rb:281:in `each'
activesupport (5.2.0) lib/active_support/inflector/methods.rb:281:in `inject'
activesupport (5.2.0) lib/active_support/inflector/methods.rb:281:in `constantize'
actionpack (5.2.0) lib/action_dispatch/http/request.rb:88:in `controller_class_for'
actionpack (5.2.0) lib/action_dispatch/http/request.rb:81:in `controller_class'
actionpack (5.2.0) lib/action_dispatch/routing/route_set.rb:46:in `controller'
actionpack (5.2.0) lib/action_dispatch/routing/route_set.rb:32:in `serve'
actionpack (5.2.0) lib/action_dispatch/journey/router.rb:52:in `block in serve'
actionpack (5.2.0) lib/action_dispatch/journey/router.rb:35:in `each'
actionpack (5.2.0) lib/action_dispatch/journey/router.rb:35:in `serve'
actionpack (5.2.0) lib/action_dispatch/routing/route_set.rb:840:in `call'
rack (2.0.5) lib/rack/etag.rb:25:in `call'
rack (2.0.5) lib/rack/conditional_get.rb:25:in `call'
rack (2.0.5) lib/rack/head.rb:12:in `call'
activerecord (5.2.0) lib/active_record/migration.rb:559:in `call'
actionpack (5.2.0) lib/action_dispatch/middleware/callbacks.rb:28:in `block in call'
activesupport (5.2.0) lib/active_support/callbacks.rb:98:in `run_callbacks'
actionpack (5.2.0) lib/action_dispatch/middleware/callbacks.rb:26:in `call'
actionpack (5.2.0) lib/action_dispatch/middleware/executor.rb:14:in `call'
actionpack (5.2.0) lib/action_dispatch/middleware/debug_exceptions.rb:61:in `call'
actionpack (5.2.0) lib/action_dispatch/middleware/show_exceptions.rb:33:in `call'
railties (5.2.0) lib/rails/rack/logger.rb:38:in `call_app'
railties (5.2.0) lib/rails/rack/logger.rb:26:in `block in call'
activesupport (5.2.0) lib/active_support/tagged_logging.rb:71:in `block in tagged'
activesupport (5.2.0) lib/active_support/tagged_logging.rb:28:in `tagged'
activesupport (5.2.0) lib/active_support/tagged_logging.rb:71:in `tagged'
railties (5.2.0) lib/rails/rack/logger.rb:26:in `call'
actionpack (5.2.0) lib/action_dispatch/middleware/remote_ip.rb:81:in `call'
actionpack (5.2.0) lib/action_dispatch/middleware/request_id.rb:27:in `call'
rack (2.0.5) lib/rack/runtime.rb:22:in `call'
activesupport (5.2.0) lib/active_support/cache/strategy/local_cache_middleware.rb:29:in `call'
actionpack (5.2.0) lib/action_dispatch/middleware/executor.rb:14:in `call'
actionpack (5.2.0) lib/action_dispatch/middleware/static.rb:127:in `call'
rack (2.0.5) lib/rack/sendfile.rb:111:in `call'
railties (5.2.0) lib/rails/engine.rb:524:in `call'
puma (3.12.0) lib/puma/configuration.rb:225:in `call'
puma (3.12.0) lib/puma/server.rb:658:in `handle_request'
puma (3.12.0) lib/puma/server.rb:472:in `process_client'
puma (3.12.0) lib/puma/server.rb:332:in `block in run'
puma (3.12.0) lib/puma/thread_pool.rb:133:in `block in spawn_thread'
Started GET "/user" for 127.0.0.1 at 2018-07-18 21:22:28 -0500
  
ActionController::RoutingError (No route matches [GET] "/user"):
  
actionpack (5.2.0) lib/action_dispatch/middleware/debug_exceptions.rb:65:in `call'
actionpack (5.2.0) lib/action_dispatch/middleware/show_exceptions.rb:33:in `call'
railties (5.2.0) lib/rails/rack/logger.rb:38:in `call_app'
railties (5.2.0) lib/rails/rack/logger.rb:26:in `block in call'
activesupport (5.2.0) lib/active_support/tagged_logging.rb:71:in `block in tagged'
activesupport (5.2.0) lib/active_support/tagged_logging.rb:28:in `tagged'
activesupport (5.2.0) lib/active_support/tagged_logging.rb:71:in `tagged'
railties (5.2.0) lib/rails/rack/logger.rb:26:in `call'
actionpack (5.2.0) lib/action_dispatch/middleware/remote_ip.rb:81:in `call'
actionpack (5.2.0) lib/action_dispatch/middleware/request_id.rb:27:in `call'
rack (2.0.5) lib/rack/runtime.rb:22:in `call'
activesupport (5.2.0) lib/active_support/cache/strategy/local_cache_middleware.rb:29:in `call'
actionpack (5.2.0) lib/action_dispatch/middleware/executor.rb:14:in `call'
actionpack (5.2.0) lib/action_dispatch/middleware/static.rb:127:in `call'
rack (2.0.5) lib/rack/sendfile.rb:111:in `call'
railties (5.2.0) lib/rails/engine.rb:524:in `call'
puma (3.12.0) lib/puma/configuration.rb:225:in `call'
puma (3.12.0) lib/puma/server.rb:658:in `handle_request'
puma (3.12.0) lib/puma/server.rb:472:in `process_client'
puma (3.12.0) lib/puma/server.rb:332:in `block in run'
puma (3.12.0) lib/puma/thread_pool.rb:133:in `block in spawn_thread'
Started GET "/users" for 127.0.0.1 at 2018-07-18 21:22:32 -0500
Processing by UsersController#index as */*
  Parameters: {"user"=>{}}
Completed 500 Internal Server Error in 128ms (ActiveRecord: 2.0ms)


  
NameError (undefined local variable or method `user' for #<UsersController:0x0000000004359cc0>):
  
app/controllers/users_controller.rb:4:in `index'
Started GET "/users" for 127.0.0.1 at 2018-07-18 21:24:21 -0500
Processing by UsersController#index as */*
  Parameters: {"user"=>{}}
Completed 500 Internal Server Error in 151ms (ActiveRecord: 0.0ms)


  
NameError (undefined local variable or method `user' for #<UsersController:0x0000000005690cd0>):
  
app/controllers/users_controller.rb:4:in `index'
Started GET "/user" for 127.0.0.1 at 2018-07-18 21:24:28 -0500
  
ActionController::RoutingError (No route matches [GET] "/user"):
  
actionpack (5.2.0) lib/action_dispatch/middleware/debug_exceptions.rb:65:in `call'
actionpack (5.2.0) lib/action_dispatch/middleware/show_exceptions.rb:33:in `call'
railties (5.2.0) lib/rails/rack/logger.rb:38:in `call_app'
railties (5.2.0) lib/rails/rack/logger.rb:26:in `block in call'
activesupport (5.2.0) lib/active_support/tagged_logging.rb:71:in `block in tagged'
activesupport (5.2.0) lib/active_support/tagged_logging.rb:28:in `tagged'
activesupport (5.2.0) lib/active_support/tagged_logging.rb:71:in `tagged'
railties (5.2.0) lib/rails/rack/logger.rb:26:in `call'
actionpack (5.2.0) lib/action_dispatch/middleware/remote_ip.rb:81:in `call'
actionpack (5.2.0) lib/action_dispatch/middleware/request_id.rb:27:in `call'
rack (2.0.5) lib/rack/runtime.rb:22:in `call'
activesupport (5.2.0) lib/active_support/cache/strategy/local_cache_middleware.rb:29:in `call'
actionpack (5.2.0) lib/action_dispatch/middleware/executor.rb:14:in `call'
actionpack (5.2.0) lib/action_dispatch/middleware/static.rb:127:in `call'
rack (2.0.5) lib/rack/sendfile.rb:111:in `call'
railties (5.2.0) lib/rails/engine.rb:524:in `call'
puma (3.12.0) lib/puma/configuration.rb:225:in `call'
puma (3.12.0) lib/puma/server.rb:658:in `handle_request'
puma (3.12.0) lib/puma/server.rb:472:in `process_client'
puma (3.12.0) lib/puma/server.rb:332:in `block in run'
puma (3.12.0) lib/puma/thread_pool.rb:133:in `block in spawn_thread'
Started GET "/users" for 127.0.0.1 at 2018-07-18 21:24:32 -0500
Processing by UsersController#index as */*
  Parameters: {"user"=>{}}
Completed 500 Internal Server Error in 189ms (ActiveRecord: 0.0ms)


  
NameError (undefined local variable or method `user' for #<UsersController:0x00000000033467c0>):
  
app/controllers/users_controller.rb:4:in `index'
Started GET "/users" for 127.0.0.1 at 2018-07-18 21:25:22 -0500
Processing by UsersController#index as */*
  Parameters: {"user"=>{}}
Completed 500 Internal Server Error in 124ms (ActiveRecord: 0.0ms)


  
NameError (undefined local variable or method `user' for #<UsersController:0x0000000008cb67b0>):
  
app/controllers/users_controller.rb:4:in `index'
Started GET "/user" for 127.0.0.1 at 2018-07-18 21:25:27 -0500
  
ActionController::RoutingError (No route matches [GET] "/user"):
  
actionpack (5.2.0) lib/action_dispatch/middleware/debug_exceptions.rb:65:in `call'
actionpack (5.2.0) lib/action_dispatch/middleware/show_exceptions.rb:33:in `call'
railties (5.2.0) lib/rails/rack/logger.rb:38:in `call_app'
railties (5.2.0) lib/rails/rack/logger.rb:26:in `block in call'
activesupport (5.2.0) lib/active_support/tagged_logging.rb:71:in `block in tagged'
activesupport (5.2.0) lib/active_support/tagged_logging.rb:28:in `tagged'
activesupport (5.2.0) lib/active_support/tagged_logging.rb:71:in `tagged'
railties (5.2.0) lib/rails/rack/logger.rb:26:in `call'
actionpack (5.2.0) lib/action_dispatch/middleware/remote_ip.rb:81:in `call'
actionpack (5.2.0) lib/action_dispatch/middleware/request_id.rb:27:in `call'
rack (2.0.5) lib/rack/runtime.rb:22:in `call'
activesupport (5.2.0) lib/active_support/cache/strategy/local_cache_middleware.rb:29:in `call'
actionpack (5.2.0) lib/action_dispatch/middleware/executor.rb:14:in `call'
actionpack (5.2.0) lib/action_dispatch/middleware/static.rb:127:in `call'
rack (2.0.5) lib/rack/sendfile.rb:111:in `call'
railties (5.2.0) lib/rails/engine.rb:524:in `call'
puma (3.12.0) lib/puma/configuration.rb:225:in `call'
puma (3.12.0) lib/puma/server.rb:658:in `handle_request'
puma (3.12.0) lib/puma/server.rb:472:in `process_client'
puma (3.12.0) lib/puma/server.rb:332:in `block in run'
puma (3.12.0) lib/puma/thread_pool.rb:133:in `block in spawn_thread'
Started GET "/user" for 127.0.0.1 at 2018-07-18 21:25:40 -0500
  
ActionController::RoutingError (No route matches [GET] "/user"):
  
actionpack (5.2.0) lib/action_dispatch/middleware/debug_exceptions.rb:65:in `call'
actionpack (5.2.0) lib/action_dispatch/middleware/show_exceptions.rb:33:in `call'
railties (5.2.0) lib/rails/rack/logger.rb:38:in `call_app'
railties (5.2.0) lib/rails/rack/logger.rb:26:in `block in call'
activesupport (5.2.0) lib/active_support/tagged_logging.rb:71:in `block in tagged'
activesupport (5.2.0) lib/active_support/tagged_logging.rb:28:in `tagged'
activesupport (5.2.0) lib/active_support/tagged_logging.rb:71:in `tagged'
railties (5.2.0) lib/rails/rack/logger.rb:26:in `call'
actionpack (5.2.0) lib/action_dispatch/middleware/remote_ip.rb:81:in `call'
actionpack (5.2.0) lib/action_dispatch/middleware/request_id.rb:27:in `call'
rack (2.0.5) lib/rack/runtime.rb:22:in `call'
activesupport (5.2.0) lib/active_support/cache/strategy/local_cache_middleware.rb:29:in `call'
actionpack (5.2.0) lib/action_dispatch/middleware/executor.rb:14:in `call'
actionpack (5.2.0) lib/action_dispatch/middleware/static.rb:127:in `call'
rack (2.0.5) lib/rack/sendfile.rb:111:in `call'
railties (5.2.0) lib/rails/engine.rb:524:in `call'
puma (3.12.0) lib/puma/configuration.rb:225:in `call'
puma (3.12.0) lib/puma/server.rb:658:in `handle_request'
puma (3.12.0) lib/puma/server.rb:472:in `process_client'
puma (3.12.0) lib/puma/server.rb:332:in `block in run'
puma (3.12.0) lib/puma/thread_pool.rb:133:in `block in spawn_thread'
Started GET "/users" for 127.0.0.1 at 2018-07-18 21:25:47 -0500
Processing by UsersController#index as */*
  Parameters: {"user"=>{}}
Completed 500 Internal Server Error in 155ms (ActiveRecord: 0.0ms)


  
NameError (undefined local variable or method `user' for #<UsersController:0x0000000005d68af8>):
  
app/controllers/users_controller.rb:4:in `index'
Started GET "/user" for 127.0.0.1 at 2018-07-18 21:25:51 -0500
  
ActionController::RoutingError (No route matches [GET] "/user"):
  
actionpack (5.2.0) lib/action_dispatch/middleware/debug_exceptions.rb:65:in `call'
actionpack (5.2.0) lib/action_dispatch/middleware/show_exceptions.rb:33:in `call'
railties (5.2.0) lib/rails/rack/logger.rb:38:in `call_app'
railties (5.2.0) lib/rails/rack/logger.rb:26:in `block in call'
activesupport (5.2.0) lib/active_support/tagged_logging.rb:71:in `block in tagged'
activesupport (5.2.0) lib/active_support/tagged_logging.rb:28:in `tagged'
activesupport (5.2.0) lib/active_support/tagged_logging.rb:71:in `tagged'
railties (5.2.0) lib/rails/rack/logger.rb:26:in `call'
actionpack (5.2.0) lib/action_dispatch/middleware/remote_ip.rb:81:in `call'
actionpack (5.2.0) lib/action_dispatch/middleware/request_id.rb:27:in `call'
rack (2.0.5) lib/rack/runtime.rb:22:in `call'
activesupport (5.2.0) lib/active_support/cache/strategy/local_cache_middleware.rb:29:in `call'
actionpack (5.2.0) lib/action_dispatch/middleware/executor.rb:14:in `call'
actionpack (5.2.0) lib/action_dispatch/middleware/static.rb:127:in `call'
rack (2.0.5) lib/rack/sendfile.rb:111:in `call'
railties (5.2.0) lib/rails/engine.rb:524:in `call'
puma (3.12.0) lib/puma/configuration.rb:225:in `call'
puma (3.12.0) lib/puma/server.rb:658:in `handle_request'
puma (3.12.0) lib/puma/server.rb:472:in `process_client'
puma (3.12.0) lib/puma/server.rb:332:in `block in run'
puma (3.12.0) lib/puma/thread_pool.rb:133:in `block in spawn_thread'
Started GET "/user/" for 127.0.0.1 at 2018-07-18 21:25:59 -0500
  
ActionController::RoutingError (No route matches [GET] "/user"):
  
actionpack (5.2.0) lib/action_dispatch/middleware/debug_exceptions.rb:65:in `call'
actionpack (5.2.0) lib/action_dispatch/middleware/show_exceptions.rb:33:in `call'
railties (5.2.0) lib/rails/rack/logger.rb:38:in `call_app'
railties (5.2.0) lib/rails/rack/logger.rb:26:in `block in call'
activesupport (5.2.0) lib/active_support/tagged_logging.rb:71:in `block in tagged'
activesupport (5.2.0) lib/active_support/tagged_logging.rb:28:in `tagged'
activesupport (5.2.0) lib/active_support/tagged_logging.rb:71:in `tagged'
railties (5.2.0) lib/rails/rack/logger.rb:26:in `call'
actionpack (5.2.0) lib/action_dispatch/middleware/remote_ip.rb:81:in `call'
actionpack (5.2.0) lib/action_dispatch/middleware/request_id.rb:27:in `call'
rack (2.0.5) lib/rack/runtime.rb:22:in `call'
activesupport (5.2.0) lib/active_support/cache/strategy/local_cache_middleware.rb:29:in `call'
actionpack (5.2.0) lib/action_dispatch/middleware/executor.rb:14:in `call'
actionpack (5.2.0) lib/action_dispatch/middleware/static.rb:127:in `call'
rack (2.0.5) lib/rack/sendfile.rb:111:in `call'
railties (5.2.0) lib/rails/engine.rb:524:in `call'
puma (3.12.0) lib/puma/configuration.rb:225:in `call'
puma (3.12.0) lib/puma/server.rb:658:in `handle_request'
puma (3.12.0) lib/puma/server.rb:472:in `process_client'
puma (3.12.0) lib/puma/server.rb:332:in `block in run'
puma (3.12.0) lib/puma/thread_pool.rb:133:in `block in spawn_thread'
Started GET "/user/" for 127.0.0.1 at 2018-07-18 21:26:05 -0500
  
ActionController::RoutingError (No route matches [GET] "/user"):
  
actionpack (5.2.0) lib/action_dispatch/middleware/debug_exceptions.rb:65:in `call'
actionpack (5.2.0) lib/action_dispatch/middleware/show_exceptions.rb:33:in `call'
railties (5.2.0) lib/rails/rack/logger.rb:38:in `call_app'
railties (5.2.0) lib/rails/rack/logger.rb:26:in `block in call'
activesupport (5.2.0) lib/active_support/tagged_logging.rb:71:in `block in tagged'
activesupport (5.2.0) lib/active_support/tagged_logging.rb:28:in `tagged'
activesupport (5.2.0) lib/active_support/tagged_logging.rb:71:in `tagged'
railties (5.2.0) lib/rails/rack/logger.rb:26:in `call'
actionpack (5.2.0) lib/action_dispatch/middleware/remote_ip.rb:81:in `call'
actionpack (5.2.0) lib/action_dispatch/middleware/request_id.rb:27:in `call'
rack (2.0.5) lib/rack/runtime.rb:22:in `call'
activesupport (5.2.0) lib/active_support/cache/strategy/local_cache_middleware.rb:29:in `call'
actionpack (5.2.0) lib/action_dispatch/middleware/executor.rb:14:in `call'
actionpack (5.2.0) lib/action_dispatch/middleware/static.rb:127:in `call'
rack (2.0.5) lib/rack/sendfile.rb:111:in `call'
railties (5.2.0) lib/rails/engine.rb:524:in `call'
puma (3.12.0) lib/puma/configuration.rb:225:in `call'
puma (3.12.0) lib/puma/server.rb:658:in `handle_request'
puma (3.12.0) lib/puma/server.rb:472:in `process_client'
puma (3.12.0) lib/puma/server.rb:332:in `block in run'
puma (3.12.0) lib/puma/thread_pool.rb:133:in `block in spawn_thread'
Started GET "/user/" for 127.0.0.1 at 2018-07-18 21:26:50 -0500
  
ActionController::RoutingError (No route matches [GET] "/user"):
  
actionpack (5.2.0) lib/action_dispatch/middleware/debug_exceptions.rb:65:in `call'
actionpack (5.2.0) lib/action_dispatch/middleware/show_exceptions.rb:33:in `call'
railties (5.2.0) lib/rails/rack/logger.rb:38:in `call_app'
railties (5.2.0) lib/rails/rack/logger.rb:26:in `block in call'
activesupport (5.2.0) lib/active_support/tagged_logging.rb:71:in `block in tagged'
activesupport (5.2.0) lib/active_support/tagged_logging.rb:28:in `tagged'
activesupport (5.2.0) lib/active_support/tagged_logging.rb:71:in `tagged'
railties (5.2.0) lib/rails/rack/logger.rb:26:in `call'
actionpack (5.2.0) lib/action_dispatch/middleware/remote_ip.rb:81:in `call'
actionpack (5.2.0) lib/action_dispatch/middleware/request_id.rb:27:in `call'
rack (2.0.5) lib/rack/runtime.rb:22:in `call'
activesupport (5.2.0) lib/active_support/cache/strategy/local_cache_middleware.rb:29:in `call'
actionpack (5.2.0) lib/action_dispatch/middleware/executor.rb:14:in `call'
actionpack (5.2.0) lib/action_dispatch/middleware/static.rb:127:in `call'
rack (2.0.5) lib/rack/sendfile.rb:111:in `call'
railties (5.2.0) lib/rails/engine.rb:524:in `call'
puma (3.12.0) lib/puma/configuration.rb:225:in `call'
puma (3.12.0) lib/puma/server.rb:658:in `handle_request'
puma (3.12.0) lib/puma/server.rb:472:in `process_client'
puma (3.12.0) lib/puma/server.rb:332:in `block in run'
puma (3.12.0) lib/puma/thread_pool.rb:133:in `block in spawn_thread'
Started GET "/user" for 127.0.0.1 at 2018-07-18 21:26:52 -0500
  
ActionController::RoutingError (No route matches [GET] "/user"):
  
actionpack (5.2.0) lib/action_dispatch/middleware/debug_exceptions.rb:65:in `call'
actionpack (5.2.0) lib/action_dispatch/middleware/show_exceptions.rb:33:in `call'
railties (5.2.0) lib/rails/rack/logger.rb:38:in `call_app'
railties (5.2.0) lib/rails/rack/logger.rb:26:in `block in call'
activesupport (5.2.0) lib/active_support/tagged_logging.rb:71:in `block in tagged'
activesupport (5.2.0) lib/active_support/tagged_logging.rb:28:in `tagged'
activesupport (5.2.0) lib/active_support/tagged_logging.rb:71:in `tagged'
railties (5.2.0) lib/rails/rack/logger.rb:26:in `call'
actionpack (5.2.0) lib/action_dispatch/middleware/remote_ip.rb:81:in `call'
actionpack (5.2.0) lib/action_dispatch/middleware/request_id.rb:27:in `call'
rack (2.0.5) lib/rack/runtime.rb:22:in `call'
activesupport (5.2.0) lib/active_support/cache/strategy/local_cache_middleware.rb:29:in `call'
actionpack (5.2.0) lib/action_dispatch/middleware/executor.rb:14:in `call'
actionpack (5.2.0) lib/action_dispatch/middleware/static.rb:127:in `call'
rack (2.0.5) lib/rack/sendfile.rb:111:in `call'
railties (5.2.0) lib/rails/engine.rb:524:in `call'
puma (3.12.0) lib/puma/configuration.rb:225:in `call'
puma (3.12.0) lib/puma/server.rb:658:in `handle_request'
puma (3.12.0) lib/puma/server.rb:472:in `process_client'
puma (3.12.0) lib/puma/server.rb:332:in `block in run'
puma (3.12.0) lib/puma/thread_pool.rb:133:in `block in spawn_thread'
Started GET "/users" for 127.0.0.1 at 2018-07-18 21:27:06 -0500
Processing by UsersController#index as */*
Completed 500 Internal Server Error in 132ms (ActiveRecord: 0.0ms)


  
NameError (undefined local variable or method `user' for #<UsersController:0x000000000676fe98>):
  
app/controllers/users_controller.rb:4:in `index'
Started GET "/users/" for 127.0.0.1 at 2018-07-18 21:27:38 -0500
Processing by UsersController#index as */*
Completed 500 Internal Server Error in 125ms (ActiveRecord: 0.0ms)


  
NameError (undefined local variable or method `user' for #<UsersController:0x00000000048d3d18>):
  
app/controllers/users_controller.rb:4:in `index'
Started GET "/user/" for 127.0.0.1 at 2018-07-18 21:27:43 -0500
  
ActionController::RoutingError (No route matches [GET] "/user"):
  
actionpack (5.2.0) lib/action_dispatch/middleware/debug_exceptions.rb:65:in `call'
actionpack (5.2.0) lib/action_dispatch/middleware/show_exceptions.rb:33:in `call'
railties (5.2.0) lib/rails/rack/logger.rb:38:in `call_app'
railties (5.2.0) lib/rails/rack/logger.rb:26:in `block in call'
activesupport (5.2.0) lib/active_support/tagged_logging.rb:71:in `block in tagged'
activesupport (5.2.0) lib/active_support/tagged_logging.rb:28:in `tagged'
activesupport (5.2.0) lib/active_support/tagged_logging.rb:71:in `tagged'
railties (5.2.0) lib/rails/rack/logger.rb:26:in `call'
actionpack (5.2.0) lib/action_dispatch/middleware/remote_ip.rb:81:in `call'
actionpack (5.2.0) lib/action_dispatch/middleware/request_id.rb:27:in `call'
rack (2.0.5) lib/rack/runtime.rb:22:in `call'
activesupport (5.2.0) lib/active_support/cache/strategy/local_cache_middleware.rb:29:in `call'
actionpack (5.2.0) lib/action_dispatch/middleware/executor.rb:14:in `call'
actionpack (5.2.0) lib/action_dispatch/middleware/static.rb:127:in `call'
rack (2.0.5) lib/rack/sendfile.rb:111:in `call'
railties (5.2.0) lib/rails/engine.rb:524:in `call'
puma (3.12.0) lib/puma/configuration.rb:225:in `call'
puma (3.12.0) lib/puma/server.rb:658:in `handle_request'
puma (3.12.0) lib/puma/server.rb:472:in `process_client'
puma (3.12.0) lib/puma/server.rb:332:in `block in run'
puma (3.12.0) lib/puma/thread_pool.rb:133:in `block in spawn_thread'
Started GET "/users/" for 127.0.0.1 at 2018-07-18 21:27:51 -0500
Processing by UsersController#index as */*
Completed 500 Internal Server Error in 148ms (ActiveRecord: 0.0ms)


  
NameError (undefined local variable or method `user' for #<UsersController:0x0000000006afbbc0>):
  
app/controllers/users_controller.rb:4:in `index'
Started GET "/users/" for 127.0.0.1 at 2018-07-18 21:28:11 -0500
Processing by UsersController#index as */*
  Rendering users/index.json.jbuilder
  [1m[36mUser Load (0.0ms)[0m  [1m[34mSELECT "users".* FROM "users" ORDER BY created_at DESC[0m
  ↳ app/views/users/index.json.jbuilder:1
  Rendered users/index.json.jbuilder (287.0ms)
Completed 500 Internal Server Error in 843ms (ActiveRecord: 1.0ms)


  
ActionView::Template::Error (undefined method `user' for #<User:0x000000000396e8f0>):
    1: json.array @users do |user|
    2:     json.id user.id
    3:     json.name user.user.name
    4: end
    5: 
  
app/views/users/index.json.jbuilder:3:in `block in _app_views_users_index_json_jbuilder__585915663_35013980'
app/views/users/index.json.jbuilder:1:in `_app_views_users_index_json_jbuilder__585915663_35013980'
Started GET "/user/" for 127.0.0.1 at 2018-07-18 21:28:16 -0500
  
ActionController::RoutingError (No route matches [GET] "/user"):
  
actionpack (5.2.0) lib/action_dispatch/middleware/debug_exceptions.rb:65:in `call'
actionpack (5.2.0) lib/action_dispatch/middleware/show_exceptions.rb:33:in `call'
railties (5.2.0) lib/rails/rack/logger.rb:38:in `call_app'
railties (5.2.0) lib/rails/rack/logger.rb:26:in `block in call'
activesupport (5.2.0) lib/active_support/tagged_logging.rb:71:in `block in tagged'
activesupport (5.2.0) lib/active_support/tagged_logging.rb:28:in `tagged'
activesupport (5.2.0) lib/active_support/tagged_logging.rb:71:in `tagged'
railties (5.2.0) lib/rails/rack/logger.rb:26:in `call'
actionpack (5.2.0) lib/action_dispatch/middleware/remote_ip.rb:81:in `call'
actionpack (5.2.0) lib/action_dispatch/middleware/request_id.rb:27:in `call'
rack (2.0.5) lib/rack/runtime.rb:22:in `call'
activesupport (5.2.0) lib/active_support/cache/strategy/local_cache_middleware.rb:29:in `call'
actionpack (5.2.0) lib/action_dispatch/middleware/executor.rb:14:in `call'
actionpack (5.2.0) lib/action_dispatch/middleware/static.rb:127:in `call'
rack (2.0.5) lib/rack/sendfile.rb:111:in `call'
railties (5.2.0) lib/rails/engine.rb:524:in `call'
puma (3.12.0) lib/puma/configuration.rb:225:in `call'
puma (3.12.0) lib/puma/server.rb:658:in `handle_request'
puma (3.12.0) lib/puma/server.rb:472:in `process_client'
puma (3.12.0) lib/puma/server.rb:332:in `block in run'
puma (3.12.0) lib/puma/thread_pool.rb:133:in `block in spawn_thread'
Started GET "/user/" for 127.0.0.1 at 2018-07-18 21:29:19 -0500
  [1m[35m (1.0ms)[0m  [1m[34mSELECT "schema_migrations"."version" FROM "schema_migrations" ORDER BY "schema_migrations"."version" ASC[0m
  ↳ C:/Ruby24-x64/lib/ruby/gems/2.4.0/gems/activerecord-5.2.0/lib/active_record/log_subscriber.rb:98
  
ActionController::RoutingError (No route matches [GET] "/user"):
  
actionpack (5.2.0) lib/action_dispatch/middleware/debug_exceptions.rb:65:in `call'
actionpack (5.2.0) lib/action_dispatch/middleware/show_exceptions.rb:33:in `call'
railties (5.2.0) lib/rails/rack/logger.rb:38:in `call_app'
railties (5.2.0) lib/rails/rack/logger.rb:26:in `block in call'
activesupport (5.2.0) lib/active_support/tagged_logging.rb:71:in `block in tagged'
activesupport (5.2.0) lib/active_support/tagged_logging.rb:28:in `tagged'
activesupport (5.2.0) lib/active_support/tagged_logging.rb:71:in `tagged'
railties (5.2.0) lib/rails/rack/logger.rb:26:in `call'
actionpack (5.2.0) lib/action_dispatch/middleware/remote_ip.rb:81:in `call'
actionpack (5.2.0) lib/action_dispatch/middleware/request_id.rb:27:in `call'
rack (2.0.5) lib/rack/runtime.rb:22:in `call'
activesupport (5.2.0) lib/active_support/cache/strategy/local_cache_middleware.rb:29:in `call'
actionpack (5.2.0) lib/action_dispatch/middleware/executor.rb:14:in `call'
actionpack (5.2.0) lib/action_dispatch/middleware/static.rb:127:in `call'
rack (2.0.5) lib/rack/sendfile.rb:111:in `call'
railties (5.2.0) lib/rails/engine.rb:524:in `call'
puma (3.12.0) lib/puma/configuration.rb:225:in `call'
puma (3.12.0) lib/puma/server.rb:658:in `handle_request'
puma (3.12.0) lib/puma/server.rb:472:in `process_client'
puma (3.12.0) lib/puma/server.rb:332:in `block in run'
puma (3.12.0) lib/puma/thread_pool.rb:133:in `block in spawn_thread'
Started GET "/users/" for 127.0.0.1 at 2018-07-18 21:29:30 -0500
Processing by UsersController#index as */*
  Rendering users/index.json.jbuilder
  [1m[36mUser Load (0.0ms)[0m  [1m[34mSELECT "users".* FROM "users" ORDER BY created_at DESC[0m
  ↳ app/views/users/index.json.jbuilder:1
  Rendered users/index.json.jbuilder (289.0ms)
Completed 500 Internal Server Error in 850ms (ActiveRecord: 2.0ms)


  
ActionView::Template::Error (undefined method `user' for #<User:0x0000000009001e10>):
    1: json.array @users do |user|
    2:     json.id user.id
    3:     json.name user.user.name
    4: end
    5: 
  
app/views/users/index.json.jbuilder:3:in `block in _app_views_users_index_json_jbuilder__96280284_56835020'
app/views/users/index.json.jbuilder:1:in `_app_views_users_index_json_jbuilder__96280284_56835020'
Started GET "/users/" for 127.0.0.1 at 2018-07-18 21:29:57 -0500
Processing by UsersController#index as */*
  Rendering users/index.json.jbuilder
  [1m[36mUser Load (0.0ms)[0m  [1m[34mSELECT "users".* FROM "users" ORDER BY created_at DESC[0m
  ↳ app/views/users/index.json.jbuilder:1
  Rendered users/index.json.jbuilder (228.0ms)
Completed 200 OK in 785ms (Views: 510.3ms | ActiveRecord: 0.0ms)


